mode: set
github.com/maneeshaindrachapa/zenith/zenith.go:11.42,13.2 1 0
github.com/maneeshaindrachapa/zenith/zenith.go:16.59,18.2 1 0
github.com/maneeshaindrachapa/zenith/zenith.go:20.36,22.2 1 0
github.com/maneeshaindrachapa/zenith/encoding/codec.go:29.33,31.2 1 0
github.com/maneeshaindrachapa/zenith/encoding/codec.go:34.49,36.2 1 0
github.com/maneeshaindrachapa/zenith/encoding/codec.go:39.60,41.16 2 0
github.com/maneeshaindrachapa/zenith/encoding/codec.go:41.16,43.3 1 0
github.com/maneeshaindrachapa/zenith/encoding/codec.go:44.2,44.18 1 0
github.com/maneeshaindrachapa/zenith/encoding/codec.go:44.18,46.3 1 0
github.com/maneeshaindrachapa/zenith/encoding/codec.go:48.2,49.12 2 0
github.com/maneeshaindrachapa/zenith/encoding/codec.go:53.45,55.2 1 0
github.com/maneeshaindrachapa/zenith/encoding/codec.go:58.56,61.9 3 0
github.com/maneeshaindrachapa/zenith/encoding/codec.go:61.9,63.3 1 0
github.com/maneeshaindrachapa/zenith/encoding/codec.go:64.2,64.19 1 0
github.com/maneeshaindrachapa/zenith/encoding/codec.go:68.49,70.2 1 0
github.com/maneeshaindrachapa/zenith/encoding/codec.go:73.69,75.2 1 0
github.com/maneeshaindrachapa/zenith/encoding/codec.go:78.49,80.2 1 0
github.com/maneeshaindrachapa/zenith/encoding/codec.go:83.69,85.2 1 0
github.com/maneeshaindrachapa/zenith/encoding/codec.go:88.35,90.2 1 0
github.com/maneeshaindrachapa/zenith/encoding/codec.go:93.46,95.29 2 0
github.com/maneeshaindrachapa/zenith/encoding/codec.go:95.29,97.3 1 0
github.com/maneeshaindrachapa/zenith/encoding/codec.go:98.2,99.16 2 0
github.com/maneeshaindrachapa/zenith/encoding/codec.go:103.44,107.2 3 0
github.com/maneeshaindrachapa/zenith/internal/adapters/codec/dotenv/codec.go:15.55,18.21 2 1
github.com/maneeshaindrachapa/zenith/internal/adapters/codec/dotenv/codec.go:18.21,19.21 1 1
github.com/maneeshaindrachapa/zenith/internal/adapters/codec/dotenv/codec.go:19.21,21.4 1 1
github.com/maneeshaindrachapa/zenith/internal/adapters/codec/dotenv/codec.go:22.3,22.27 1 1
github.com/maneeshaindrachapa/zenith/internal/adapters/codec/dotenv/codec.go:25.2,27.27 3 1
github.com/maneeshaindrachapa/zenith/internal/adapters/codec/dotenv/codec.go:27.27,29.10 2 1
github.com/maneeshaindrachapa/zenith/internal/adapters/codec/dotenv/codec.go:29.10,31.4 1 1
github.com/maneeshaindrachapa/zenith/internal/adapters/codec/dotenv/codec.go:34.3,34.61 1 1
github.com/maneeshaindrachapa/zenith/internal/adapters/codec/dotenv/codec.go:37.2,37.37 1 1
github.com/maneeshaindrachapa/zenith/internal/adapters/codec/dotenv/codec.go:41.59,42.14 1 1
github.com/maneeshaindrachapa/zenith/internal/adapters/codec/dotenv/codec.go:42.14,45.3 1 1
github.com/maneeshaindrachapa/zenith/internal/adapters/codec/dotenv/codec.go:46.2,46.15 1 1
github.com/maneeshaindrachapa/zenith/internal/adapters/codec/dotenv/codec.go:46.15,48.3 1 1
github.com/maneeshaindrachapa/zenith/internal/adapters/codec/dotenv/codec.go:50.2,51.52 2 1
github.com/maneeshaindrachapa/zenith/internal/adapters/codec/dotenv/codec.go:51.52,53.49 2 1
github.com/maneeshaindrachapa/zenith/internal/adapters/codec/dotenv/codec.go:53.49,54.12 1 1
github.com/maneeshaindrachapa/zenith/internal/adapters/codec/dotenv/codec.go:57.3,60.31 4 1
github.com/maneeshaindrachapa/zenith/internal/adapters/codec/dotenv/codec.go:60.31,62.4 1 1
github.com/maneeshaindrachapa/zenith/internal/adapters/codec/dotenv/codec.go:64.3,65.40 2 1
github.com/maneeshaindrachapa/zenith/internal/adapters/codec/dotenv/codec.go:65.40,67.18 2 1
github.com/maneeshaindrachapa/zenith/internal/adapters/codec/dotenv/codec.go:67.18,69.5 1 1
github.com/maneeshaindrachapa/zenith/internal/adapters/codec/dotenv/codec.go:70.4,70.19 1 1
github.com/maneeshaindrachapa/zenith/internal/adapters/codec/dotenv/codec.go:72.3,72.20 1 1
github.com/maneeshaindrachapa/zenith/internal/adapters/codec/dotenv/codec.go:75.2,75.38 1 1
github.com/maneeshaindrachapa/zenith/internal/adapters/codec/dotenv/codec.go:75.38,77.3 1 0
github.com/maneeshaindrachapa/zenith/internal/adapters/codec/dotenv/codec.go:78.2,78.12 1 1
github.com/maneeshaindrachapa/zenith/internal/adapters/codec/dotenv/codec.go:81.32,82.107 1 1
github.com/maneeshaindrachapa/zenith/internal/adapters/codec/dotenv/codec.go:82.107,84.3 1 0
github.com/maneeshaindrachapa/zenith/internal/adapters/codec/dotenv/codec.go:85.2,85.31 1 1
github.com/maneeshaindrachapa/zenith/internal/adapters/codec/dotenv/codec.go:85.31,86.117 1 1
github.com/maneeshaindrachapa/zenith/internal/adapters/codec/dotenv/codec.go:86.117,88.4 1 1
github.com/maneeshaindrachapa/zenith/internal/adapters/codec/dotenv/codec.go:90.2,90.13 1 1
github.com/maneeshaindrachapa/zenith/internal/adapters/codec/json/codec.go:12.55,14.16 2 0
github.com/maneeshaindrachapa/zenith/internal/adapters/codec/json/codec.go:14.16,17.3 1 0
github.com/maneeshaindrachapa/zenith/internal/adapters/codec/json/codec.go:18.2,18.17 1 0
github.com/maneeshaindrachapa/zenith/internal/adapters/codec/json/codec.go:22.56,23.14 1 0
github.com/maneeshaindrachapa/zenith/internal/adapters/codec/json/codec.go:23.14,26.3 1 0
github.com/maneeshaindrachapa/zenith/internal/adapters/codec/json/codec.go:28.2,28.45 1 0
github.com/maneeshaindrachapa/zenith/internal/adapters/codec/json/codec.go:28.45,31.3 1 0
github.com/maneeshaindrachapa/zenith/internal/adapters/codec/json/codec.go:33.2,33.12 1 0
github.com/maneeshaindrachapa/zenith/internal/adapters/codec/toml/codec.go:5.55,7.2 1 0
github.com/maneeshaindrachapa/zenith/internal/adapters/filereader/os.go:9.49,11.2 1 0
github.com/maneeshaindrachapa/zenith/internal/adapters/mapper/reflect.go:21.67,22.19 1 0
github.com/maneeshaindrachapa/zenith/internal/adapters/mapper/reflect.go:22.19,24.3 1 0
github.com/maneeshaindrachapa/zenith/internal/adapters/mapper/reflect.go:26.2,27.66 2 0
github.com/maneeshaindrachapa/zenith/internal/adapters/mapper/reflect.go:27.66,29.3 1 0
github.com/maneeshaindrachapa/zenith/internal/adapters/mapper/reflect.go:31.2,32.42 2 0
github.com/maneeshaindrachapa/zenith/internal/adapters/mapper/reflect.go:32.42,34.3 1 0
github.com/maneeshaindrachapa/zenith/internal/adapters/mapper/reflect.go:36.2,36.38 1 0
github.com/maneeshaindrachapa/zenith/internal/adapters/mapper/reflect.go:39.71,41.31 2 0
github.com/maneeshaindrachapa/zenith/internal/adapters/mapper/reflect.go:41.31,43.3 1 0
github.com/maneeshaindrachapa/zenith/internal/adapters/mapper/reflect.go:45.2,46.46 2 0
github.com/maneeshaindrachapa/zenith/internal/adapters/mapper/reflect.go:46.46,49.54 3 0
github.com/maneeshaindrachapa/zenith/internal/adapters/mapper/reflect.go:49.54,50.12 1 0
github.com/maneeshaindrachapa/zenith/internal/adapters/mapper/reflect.go:53.3,54.13 2 0
github.com/maneeshaindrachapa/zenith/internal/adapters/mapper/reflect.go:54.13,55.12 1 0
github.com/maneeshaindrachapa/zenith/internal/adapters/mapper/reflect.go:58.3,58.56 1 0
github.com/maneeshaindrachapa/zenith/internal/adapters/mapper/reflect.go:58.56,60.4 1 0
github.com/maneeshaindrachapa/zenith/internal/adapters/mapper/reflect.go:63.2,63.12 1 0
github.com/maneeshaindrachapa/zenith/internal/adapters/mapper/reflect.go:66.85,67.41 1 0
github.com/maneeshaindrachapa/zenith/internal/adapters/mapper/reflect.go:67.41,69.9 2 0
github.com/maneeshaindrachapa/zenith/internal/adapters/mapper/reflect.go:69.9,71.4 1 0
github.com/maneeshaindrachapa/zenith/internal/adapters/mapper/reflect.go:73.2,73.19 1 0
github.com/maneeshaindrachapa/zenith/internal/adapters/mapper/reflect.go:76.53,78.72 2 0
github.com/maneeshaindrachapa/zenith/internal/adapters/mapper/reflect.go:78.72,80.18 2 0
github.com/maneeshaindrachapa/zenith/internal/adapters/mapper/reflect.go:80.18,82.4 1 0
github.com/maneeshaindrachapa/zenith/internal/adapters/mapper/reflect.go:83.3,83.17 1 0
github.com/maneeshaindrachapa/zenith/internal/adapters/mapper/reflect.go:83.17,85.4 1 0
github.com/maneeshaindrachapa/zenith/internal/adapters/mapper/reflect.go:87.2,87.14 1 0
github.com/maneeshaindrachapa/zenith/internal/adapters/mapper/reflect.go:90.38,95.2 4 0
github.com/maneeshaindrachapa/zenith/internal/adapters/mapper/reflect.go:97.57,98.22 1 0
github.com/maneeshaindrachapa/zenith/internal/adapters/mapper/reflect.go:98.22,100.3 1 0
github.com/maneeshaindrachapa/zenith/internal/adapters/mapper/reflect.go:101.2,101.18 1 0
github.com/maneeshaindrachapa/zenith/internal/adapters/mapper/reflect.go:101.18,103.3 1 0
github.com/maneeshaindrachapa/zenith/internal/adapters/mapper/reflect.go:105.2,105.38 1 0
github.com/maneeshaindrachapa/zenith/internal/adapters/mapper/reflect.go:105.38,106.21 1 0
github.com/maneeshaindrachapa/zenith/internal/adapters/mapper/reflect.go:106.21,108.4 1 0
github.com/maneeshaindrachapa/zenith/internal/adapters/mapper/reflect.go:109.3,109.43 1 0
github.com/maneeshaindrachapa/zenith/internal/adapters/mapper/reflect.go:112.2,112.78 1 0
github.com/maneeshaindrachapa/zenith/internal/adapters/mapper/reflect.go:112.78,114.10 2 0
github.com/maneeshaindrachapa/zenith/internal/adapters/mapper/reflect.go:114.10,116.4 1 0
github.com/maneeshaindrachapa/zenith/internal/adapters/mapper/reflect.go:117.3,117.90 1 0
github.com/maneeshaindrachapa/zenith/internal/adapters/mapper/reflect.go:120.2,120.35 1 0
github.com/maneeshaindrachapa/zenith/internal/adapters/mapper/reflect.go:120.35,122.17 2 0
github.com/maneeshaindrachapa/zenith/internal/adapters/mapper/reflect.go:122.17,124.4 1 0
github.com/maneeshaindrachapa/zenith/internal/adapters/mapper/reflect.go:125.3,126.13 2 0
github.com/maneeshaindrachapa/zenith/internal/adapters/mapper/reflect.go:129.2,130.67 2 0
github.com/maneeshaindrachapa/zenith/internal/adapters/mapper/reflect.go:130.67,133.3 2 0
github.com/maneeshaindrachapa/zenith/internal/adapters/mapper/reflect.go:134.2,134.109 1 0
github.com/maneeshaindrachapa/zenith/internal/adapters/mapper/reflect.go:134.109,137.3 2 0
github.com/maneeshaindrachapa/zenith/internal/adapters/mapper/reflect.go:139.2,139.23 1 0
github.com/maneeshaindrachapa/zenith/internal/adapters/mapper/reflect.go:140.22,142.10 2 0
github.com/maneeshaindrachapa/zenith/internal/adapters/mapper/reflect.go:142.10,144.4 1 0
github.com/maneeshaindrachapa/zenith/internal/adapters/mapper/reflect.go:145.3,145.36 1 0
github.com/maneeshaindrachapa/zenith/internal/adapters/mapper/reflect.go:146.21,147.36 1 0
github.com/maneeshaindrachapa/zenith/internal/adapters/mapper/reflect.go:148.22,149.38 1 0
github.com/maneeshaindrachapa/zenith/internal/adapters/mapper/reflect.go:150.20,152.17 2 0
github.com/maneeshaindrachapa/zenith/internal/adapters/mapper/reflect.go:152.17,154.4 1 0
github.com/maneeshaindrachapa/zenith/internal/adapters/mapper/reflect.go:155.3,155.28 1 0
github.com/maneeshaindrachapa/zenith/internal/adapters/mapper/reflect.go:156.78,158.17 2 0
github.com/maneeshaindrachapa/zenith/internal/adapters/mapper/reflect.go:158.17,160.4 1 0
github.com/maneeshaindrachapa/zenith/internal/adapters/mapper/reflect.go:161.3,161.26 1 0
github.com/maneeshaindrachapa/zenith/internal/adapters/mapper/reflect.go:162.100,164.17 2 0
github.com/maneeshaindrachapa/zenith/internal/adapters/mapper/reflect.go:164.17,166.4 1 0
github.com/maneeshaindrachapa/zenith/internal/adapters/mapper/reflect.go:167.3,167.28 1 0
github.com/maneeshaindrachapa/zenith/internal/adapters/mapper/reflect.go:168.40,170.17 2 0
github.com/maneeshaindrachapa/zenith/internal/adapters/mapper/reflect.go:170.17,172.4 1 0
github.com/maneeshaindrachapa/zenith/internal/adapters/mapper/reflect.go:173.3,173.30 1 0
github.com/maneeshaindrachapa/zenith/internal/adapters/mapper/reflect.go:174.10,175.65 1 0
github.com/maneeshaindrachapa/zenith/internal/adapters/mapper/reflect.go:178.2,178.12 1 0
github.com/maneeshaindrachapa/zenith/internal/adapters/mapper/reflect.go:181.77,182.72 1 0
github.com/maneeshaindrachapa/zenith/internal/adapters/mapper/reflect.go:182.72,184.3 1 0
github.com/maneeshaindrachapa/zenith/internal/adapters/mapper/reflect.go:185.2,185.13 1 0
github.com/maneeshaindrachapa/zenith/internal/adapters/mapper/reflect.go:188.57,190.57 2 0
github.com/maneeshaindrachapa/zenith/internal/adapters/mapper/reflect.go:190.57,192.3 1 0
github.com/maneeshaindrachapa/zenith/internal/adapters/mapper/reflect.go:194.2,195.36 2 0
github.com/maneeshaindrachapa/zenith/internal/adapters/mapper/reflect.go:195.36,196.83 1 0
github.com/maneeshaindrachapa/zenith/internal/adapters/mapper/reflect.go:196.83,198.4 1 0
github.com/maneeshaindrachapa/zenith/internal/adapters/mapper/reflect.go:200.2,201.12 2 0
github.com/maneeshaindrachapa/zenith/internal/adapters/mapper/reflect.go:204.38,205.27 1 0
github.com/maneeshaindrachapa/zenith/internal/adapters/mapper/reflect.go:206.12,207.16 1 0
github.com/maneeshaindrachapa/zenith/internal/adapters/mapper/reflect.go:208.14,210.17 2 0
github.com/maneeshaindrachapa/zenith/internal/adapters/mapper/reflect.go:210.17,212.4 1 0
github.com/maneeshaindrachapa/zenith/internal/adapters/mapper/reflect.go:213.3,213.18 1 0
github.com/maneeshaindrachapa/zenith/internal/adapters/mapper/reflect.go:214.10,215.59 1 0
github.com/maneeshaindrachapa/zenith/internal/adapters/mapper/reflect.go:219.48,220.27 1 0
github.com/maneeshaindrachapa/zenith/internal/adapters/mapper/reflect.go:221.11,222.23 1 0
github.com/maneeshaindrachapa/zenith/internal/adapters/mapper/reflect.go:223.12,224.23 1 0
github.com/maneeshaindrachapa/zenith/internal/adapters/mapper/reflect.go:225.13,226.23 1 0
github.com/maneeshaindrachapa/zenith/internal/adapters/mapper/reflect.go:227.13,228.23 1 0
github.com/maneeshaindrachapa/zenith/internal/adapters/mapper/reflect.go:229.13,230.16 1 0
github.com/maneeshaindrachapa/zenith/internal/adapters/mapper/reflect.go:231.15,232.29 1 0
github.com/maneeshaindrachapa/zenith/internal/adapters/mapper/reflect.go:232.29,234.4 1 0
github.com/maneeshaindrachapa/zenith/internal/adapters/mapper/reflect.go:235.3,235.23 1 0
github.com/maneeshaindrachapa/zenith/internal/adapters/mapper/reflect.go:236.14,238.17 2 0
github.com/maneeshaindrachapa/zenith/internal/adapters/mapper/reflect.go:238.17,240.4 1 0
github.com/maneeshaindrachapa/zenith/internal/adapters/mapper/reflect.go:241.3,241.18 1 0
github.com/maneeshaindrachapa/zenith/internal/adapters/mapper/reflect.go:242.10,243.58 1 0
github.com/maneeshaindrachapa/zenith/internal/adapters/mapper/reflect.go:247.50,248.27 1 0
github.com/maneeshaindrachapa/zenith/internal/adapters/mapper/reflect.go:249.12,250.24 1 0
github.com/maneeshaindrachapa/zenith/internal/adapters/mapper/reflect.go:251.13,252.24 1 0
github.com/maneeshaindrachapa/zenith/internal/adapters/mapper/reflect.go:253.14,254.24 1 0
github.com/maneeshaindrachapa/zenith/internal/adapters/mapper/reflect.go:255.14,256.24 1 0
github.com/maneeshaindrachapa/zenith/internal/adapters/mapper/reflect.go:257.14,258.16 1 0
github.com/maneeshaindrachapa/zenith/internal/adapters/mapper/reflect.go:259.15,260.39 1 0
github.com/maneeshaindrachapa/zenith/internal/adapters/mapper/reflect.go:260.39,262.4 1 0
github.com/maneeshaindrachapa/zenith/internal/adapters/mapper/reflect.go:263.3,263.24 1 0
github.com/maneeshaindrachapa/zenith/internal/adapters/mapper/reflect.go:264.14,266.17 2 0
github.com/maneeshaindrachapa/zenith/internal/adapters/mapper/reflect.go:266.17,268.4 1 0
github.com/maneeshaindrachapa/zenith/internal/adapters/mapper/reflect.go:269.3,269.18 1 0
github.com/maneeshaindrachapa/zenith/internal/adapters/mapper/reflect.go:270.10,271.67 1 0
github.com/maneeshaindrachapa/zenith/internal/adapters/mapper/reflect.go:275.52,276.27 1 0
github.com/maneeshaindrachapa/zenith/internal/adapters/mapper/reflect.go:277.15,278.25 1 0
github.com/maneeshaindrachapa/zenith/internal/adapters/mapper/reflect.go:279.15,280.16 1 0
github.com/maneeshaindrachapa/zenith/internal/adapters/mapper/reflect.go:281.11,282.25 1 0
github.com/maneeshaindrachapa/zenith/internal/adapters/mapper/reflect.go:283.13,284.25 1 0
github.com/maneeshaindrachapa/zenith/internal/adapters/mapper/reflect.go:285.14,287.17 2 0
github.com/maneeshaindrachapa/zenith/internal/adapters/mapper/reflect.go:287.17,289.4 1 0
github.com/maneeshaindrachapa/zenith/internal/adapters/mapper/reflect.go:290.3,290.18 1 0
github.com/maneeshaindrachapa/zenith/internal/adapters/mapper/reflect.go:291.10,292.56 1 0
github.com/maneeshaindrachapa/zenith/internal/adapters/mapper/reflect.go:296.51,297.27 1 0
github.com/maneeshaindrachapa/zenith/internal/adapters/mapper/reflect.go:298.21,299.16 1 0
github.com/maneeshaindrachapa/zenith/internal/adapters/mapper/reflect.go:300.14,302.17 2 0
github.com/maneeshaindrachapa/zenith/internal/adapters/mapper/reflect.go:302.17,304.4 1 0
github.com/maneeshaindrachapa/zenith/internal/adapters/mapper/reflect.go:305.3,305.18 1 0
github.com/maneeshaindrachapa/zenith/internal/adapters/mapper/reflect.go:306.10,308.17 2 0
github.com/maneeshaindrachapa/zenith/internal/adapters/mapper/reflect.go:308.17,310.4 1 0
github.com/maneeshaindrachapa/zenith/internal/adapters/mapper/reflect.go:311.3,311.38 1 0
github.com/maneeshaindrachapa/zenith/internal/app/config/loader.go:18.100,24.2 1 0
github.com/maneeshaindrachapa/zenith/internal/app/config/loader.go:27.53,29.18 2 0
github.com/maneeshaindrachapa/zenith/internal/app/config/loader.go:29.18,31.3 1 0
github.com/maneeshaindrachapa/zenith/internal/app/config/loader.go:33.2,34.16 2 0
github.com/maneeshaindrachapa/zenith/internal/app/config/loader.go:34.16,36.3 1 0
github.com/maneeshaindrachapa/zenith/internal/app/config/loader.go:38.2,38.55 1 0
github.com/maneeshaindrachapa/zenith/internal/app/config/loader.go:38.55,40.3 1 0
github.com/maneeshaindrachapa/zenith/internal/app/config/loader.go:41.2,41.12 1 0
github.com/maneeshaindrachapa/zenith/internal/app/config/loader.go:45.70,47.16 2 0
github.com/maneeshaindrachapa/zenith/internal/app/config/loader.go:47.16,49.3 1 0
github.com/maneeshaindrachapa/zenith/internal/app/config/loader.go:51.2,52.54 2 0
github.com/maneeshaindrachapa/zenith/internal/app/config/loader.go:52.54,54.3 1 0
github.com/maneeshaindrachapa/zenith/internal/app/config/loader.go:56.2,56.45 1 0
github.com/maneeshaindrachapa/zenith/zenith.go:11.42,13.2 1 0
github.com/maneeshaindrachapa/zenith/zenith.go:16.59,18.2 1 0
github.com/maneeshaindrachapa/zenith/zenith.go:20.36,22.2 1 0
github.com/maneeshaindrachapa/zenith/encoding/codec.go:29.33,31.2 1 0
github.com/maneeshaindrachapa/zenith/encoding/codec.go:34.49,36.2 1 0
github.com/maneeshaindrachapa/zenith/encoding/codec.go:39.60,41.16 2 0
github.com/maneeshaindrachapa/zenith/encoding/codec.go:41.16,43.3 1 0
github.com/maneeshaindrachapa/zenith/encoding/codec.go:44.2,44.18 1 0
github.com/maneeshaindrachapa/zenith/encoding/codec.go:44.18,46.3 1 0
github.com/maneeshaindrachapa/zenith/encoding/codec.go:48.2,49.12 2 0
github.com/maneeshaindrachapa/zenith/encoding/codec.go:53.45,55.2 1 0
github.com/maneeshaindrachapa/zenith/encoding/codec.go:58.56,61.9 3 0
github.com/maneeshaindrachapa/zenith/encoding/codec.go:61.9,63.3 1 0
github.com/maneeshaindrachapa/zenith/encoding/codec.go:64.2,64.19 1 0
github.com/maneeshaindrachapa/zenith/encoding/codec.go:68.49,70.2 1 0
github.com/maneeshaindrachapa/zenith/encoding/codec.go:73.69,75.2 1 0
github.com/maneeshaindrachapa/zenith/encoding/codec.go:78.49,80.2 1 0
github.com/maneeshaindrachapa/zenith/encoding/codec.go:83.69,85.2 1 0
github.com/maneeshaindrachapa/zenith/encoding/codec.go:88.35,90.2 1 0
github.com/maneeshaindrachapa/zenith/encoding/codec.go:93.46,95.29 2 0
github.com/maneeshaindrachapa/zenith/encoding/codec.go:95.29,97.3 1 0
github.com/maneeshaindrachapa/zenith/encoding/codec.go:98.2,99.16 2 0
github.com/maneeshaindrachapa/zenith/encoding/codec.go:103.44,107.2 3 0
github.com/maneeshaindrachapa/zenith/internal/adapters/codec/dotenv/codec.go:15.55,18.21 2 0
github.com/maneeshaindrachapa/zenith/internal/adapters/codec/dotenv/codec.go:18.21,19.21 1 0
github.com/maneeshaindrachapa/zenith/internal/adapters/codec/dotenv/codec.go:19.21,21.4 1 0
github.com/maneeshaindrachapa/zenith/internal/adapters/codec/dotenv/codec.go:22.3,22.27 1 0
github.com/maneeshaindrachapa/zenith/internal/adapters/codec/dotenv/codec.go:25.2,27.27 3 0
github.com/maneeshaindrachapa/zenith/internal/adapters/codec/dotenv/codec.go:27.27,29.10 2 0
github.com/maneeshaindrachapa/zenith/internal/adapters/codec/dotenv/codec.go:29.10,31.4 1 0
github.com/maneeshaindrachapa/zenith/internal/adapters/codec/dotenv/codec.go:34.3,34.61 1 0
github.com/maneeshaindrachapa/zenith/internal/adapters/codec/dotenv/codec.go:37.2,37.37 1 0
github.com/maneeshaindrachapa/zenith/internal/adapters/codec/dotenv/codec.go:41.59,42.14 1 0
github.com/maneeshaindrachapa/zenith/internal/adapters/codec/dotenv/codec.go:42.14,45.3 1 0
github.com/maneeshaindrachapa/zenith/internal/adapters/codec/dotenv/codec.go:46.2,46.15 1 0
github.com/maneeshaindrachapa/zenith/internal/adapters/codec/dotenv/codec.go:46.15,48.3 1 0
github.com/maneeshaindrachapa/zenith/internal/adapters/codec/dotenv/codec.go:50.2,51.52 2 0
github.com/maneeshaindrachapa/zenith/internal/adapters/codec/dotenv/codec.go:51.52,53.49 2 0
github.com/maneeshaindrachapa/zenith/internal/adapters/codec/dotenv/codec.go:53.49,54.12 1 0
github.com/maneeshaindrachapa/zenith/internal/adapters/codec/dotenv/codec.go:57.3,60.31 4 0
github.com/maneeshaindrachapa/zenith/internal/adapters/codec/dotenv/codec.go:60.31,62.4 1 0
github.com/maneeshaindrachapa/zenith/internal/adapters/codec/dotenv/codec.go:64.3,65.40 2 0
github.com/maneeshaindrachapa/zenith/internal/adapters/codec/dotenv/codec.go:65.40,67.18 2 0
github.com/maneeshaindrachapa/zenith/internal/adapters/codec/dotenv/codec.go:67.18,69.5 1 0
github.com/maneeshaindrachapa/zenith/internal/adapters/codec/dotenv/codec.go:70.4,70.19 1 0
github.com/maneeshaindrachapa/zenith/internal/adapters/codec/dotenv/codec.go:72.3,72.20 1 0
github.com/maneeshaindrachapa/zenith/internal/adapters/codec/dotenv/codec.go:75.2,75.38 1 0
github.com/maneeshaindrachapa/zenith/internal/adapters/codec/dotenv/codec.go:75.38,77.3 1 0
github.com/maneeshaindrachapa/zenith/internal/adapters/codec/dotenv/codec.go:78.2,78.12 1 0
github.com/maneeshaindrachapa/zenith/internal/adapters/codec/dotenv/codec.go:81.32,82.107 1 0
github.com/maneeshaindrachapa/zenith/internal/adapters/codec/dotenv/codec.go:82.107,84.3 1 0
github.com/maneeshaindrachapa/zenith/internal/adapters/codec/dotenv/codec.go:85.2,85.31 1 0
github.com/maneeshaindrachapa/zenith/internal/adapters/codec/dotenv/codec.go:85.31,86.117 1 0
github.com/maneeshaindrachapa/zenith/internal/adapters/codec/dotenv/codec.go:86.117,88.4 1 0
github.com/maneeshaindrachapa/zenith/internal/adapters/codec/dotenv/codec.go:90.2,90.13 1 0
github.com/maneeshaindrachapa/zenith/internal/adapters/codec/json/codec.go:12.55,14.16 2 1
github.com/maneeshaindrachapa/zenith/internal/adapters/codec/json/codec.go:14.16,17.3 1 1
github.com/maneeshaindrachapa/zenith/internal/adapters/codec/json/codec.go:18.2,18.17 1 1
github.com/maneeshaindrachapa/zenith/internal/adapters/codec/json/codec.go:22.56,23.14 1 1
github.com/maneeshaindrachapa/zenith/internal/adapters/codec/json/codec.go:23.14,26.3 1 1
github.com/maneeshaindrachapa/zenith/internal/adapters/codec/json/codec.go:28.2,28.45 1 1
github.com/maneeshaindrachapa/zenith/internal/adapters/codec/json/codec.go:28.45,31.3 1 1
github.com/maneeshaindrachapa/zenith/internal/adapters/codec/json/codec.go:33.2,33.12 1 1
github.com/maneeshaindrachapa/zenith/internal/adapters/codec/toml/codec.go:5.55,7.2 1 0
github.com/maneeshaindrachapa/zenith/internal/adapters/filereader/os.go:9.49,11.2 1 0
github.com/maneeshaindrachapa/zenith/internal/adapters/mapper/reflect.go:21.67,22.19 1 0
github.com/maneeshaindrachapa/zenith/internal/adapters/mapper/reflect.go:22.19,24.3 1 0
github.com/maneeshaindrachapa/zenith/internal/adapters/mapper/reflect.go:26.2,27.66 2 0
github.com/maneeshaindrachapa/zenith/internal/adapters/mapper/reflect.go:27.66,29.3 1 0
github.com/maneeshaindrachapa/zenith/internal/adapters/mapper/reflect.go:31.2,32.42 2 0
github.com/maneeshaindrachapa/zenith/internal/adapters/mapper/reflect.go:32.42,34.3 1 0
github.com/maneeshaindrachapa/zenith/internal/adapters/mapper/reflect.go:36.2,36.38 1 0
github.com/maneeshaindrachapa/zenith/internal/adapters/mapper/reflect.go:39.71,41.31 2 0
github.com/maneeshaindrachapa/zenith/internal/adapters/mapper/reflect.go:41.31,43.3 1 0
github.com/maneeshaindrachapa/zenith/internal/adapters/mapper/reflect.go:45.2,46.46 2 0
github.com/maneeshaindrachapa/zenith/internal/adapters/mapper/reflect.go:46.46,49.54 3 0
github.com/maneeshaindrachapa/zenith/internal/adapters/mapper/reflect.go:49.54,50.12 1 0
github.com/maneeshaindrachapa/zenith/internal/adapters/mapper/reflect.go:53.3,54.13 2 0
github.com/maneeshaindrachapa/zenith/internal/adapters/mapper/reflect.go:54.13,55.12 1 0
github.com/maneeshaindrachapa/zenith/internal/adapters/mapper/reflect.go:58.3,58.56 1 0
github.com/maneeshaindrachapa/zenith/internal/adapters/mapper/reflect.go:58.56,60.4 1 0
github.com/maneeshaindrachapa/zenith/internal/adapters/mapper/reflect.go:63.2,63.12 1 0
github.com/maneeshaindrachapa/zenith/internal/adapters/mapper/reflect.go:66.85,67.41 1 0
github.com/maneeshaindrachapa/zenith/internal/adapters/mapper/reflect.go:67.41,69.9 2 0
github.com/maneeshaindrachapa/zenith/internal/adapters/mapper/reflect.go:69.9,71.4 1 0
github.com/maneeshaindrachapa/zenith/internal/adapters/mapper/reflect.go:73.2,73.19 1 0
github.com/maneeshaindrachapa/zenith/internal/adapters/mapper/reflect.go:76.53,78.72 2 0
github.com/maneeshaindrachapa/zenith/internal/adapters/mapper/reflect.go:78.72,80.18 2 0
github.com/maneeshaindrachapa/zenith/internal/adapters/mapper/reflect.go:80.18,82.4 1 0
github.com/maneeshaindrachapa/zenith/internal/adapters/mapper/reflect.go:83.3,83.17 1 0
github.com/maneeshaindrachapa/zenith/internal/adapters/mapper/reflect.go:83.17,85.4 1 0
github.com/maneeshaindrachapa/zenith/internal/adapters/mapper/reflect.go:87.2,87.14 1 0
github.com/maneeshaindrachapa/zenith/internal/adapters/mapper/reflect.go:90.38,95.2 4 0
github.com/maneeshaindrachapa/zenith/internal/adapters/mapper/reflect.go:97.57,98.22 1 0
github.com/maneeshaindrachapa/zenith/internal/adapters/mapper/reflect.go:98.22,100.3 1 0
github.com/maneeshaindrachapa/zenith/internal/adapters/mapper/reflect.go:101.2,101.18 1 0
github.com/maneeshaindrachapa/zenith/internal/adapters/mapper/reflect.go:101.18,103.3 1 0
github.com/maneeshaindrachapa/zenith/internal/adapters/mapper/reflect.go:105.2,105.38 1 0
github.com/maneeshaindrachapa/zenith/internal/adapters/mapper/reflect.go:105.38,106.21 1 0
github.com/maneeshaindrachapa/zenith/internal/adapters/mapper/reflect.go:106.21,108.4 1 0
github.com/maneeshaindrachapa/zenith/internal/adapters/mapper/reflect.go:109.3,109.43 1 0
github.com/maneeshaindrachapa/zenith/internal/adapters/mapper/reflect.go:112.2,112.78 1 0
github.com/maneeshaindrachapa/zenith/internal/adapters/mapper/reflect.go:112.78,114.10 2 0
github.com/maneeshaindrachapa/zenith/internal/adapters/mapper/reflect.go:114.10,116.4 1 0
github.com/maneeshaindrachapa/zenith/internal/adapters/mapper/reflect.go:117.3,117.90 1 0
github.com/maneeshaindrachapa/zenith/internal/adapters/mapper/reflect.go:120.2,120.35 1 0
github.com/maneeshaindrachapa/zenith/internal/adapters/mapper/reflect.go:120.35,122.17 2 0
github.com/maneeshaindrachapa/zenith/internal/adapters/mapper/reflect.go:122.17,124.4 1 0
github.com/maneeshaindrachapa/zenith/internal/adapters/mapper/reflect.go:125.3,126.13 2 0
github.com/maneeshaindrachapa/zenith/internal/adapters/mapper/reflect.go:129.2,130.67 2 0
github.com/maneeshaindrachapa/zenith/internal/adapters/mapper/reflect.go:130.67,133.3 2 0
github.com/maneeshaindrachapa/zenith/internal/adapters/mapper/reflect.go:134.2,134.109 1 0
github.com/maneeshaindrachapa/zenith/internal/adapters/mapper/reflect.go:134.109,137.3 2 0
github.com/maneeshaindrachapa/zenith/internal/adapters/mapper/reflect.go:139.2,139.23 1 0
github.com/maneeshaindrachapa/zenith/internal/adapters/mapper/reflect.go:140.22,142.10 2 0
github.com/maneeshaindrachapa/zenith/internal/adapters/mapper/reflect.go:142.10,144.4 1 0
github.com/maneeshaindrachapa/zenith/internal/adapters/mapper/reflect.go:145.3,145.36 1 0
github.com/maneeshaindrachapa/zenith/internal/adapters/mapper/reflect.go:146.21,147.36 1 0
github.com/maneeshaindrachapa/zenith/internal/adapters/mapper/reflect.go:148.22,149.38 1 0
github.com/maneeshaindrachapa/zenith/internal/adapters/mapper/reflect.go:150.20,152.17 2 0
github.com/maneeshaindrachapa/zenith/internal/adapters/mapper/reflect.go:152.17,154.4 1 0
github.com/maneeshaindrachapa/zenith/internal/adapters/mapper/reflect.go:155.3,155.28 1 0
github.com/maneeshaindrachapa/zenith/internal/adapters/mapper/reflect.go:156.78,158.17 2 0
github.com/maneeshaindrachapa/zenith/internal/adapters/mapper/reflect.go:158.17,160.4 1 0
github.com/maneeshaindrachapa/zenith/internal/adapters/mapper/reflect.go:161.3,161.26 1 0
github.com/maneeshaindrachapa/zenith/internal/adapters/mapper/reflect.go:162.100,164.17 2 0
github.com/maneeshaindrachapa/zenith/internal/adapters/mapper/reflect.go:164.17,166.4 1 0
github.com/maneeshaindrachapa/zenith/internal/adapters/mapper/reflect.go:167.3,167.28 1 0
github.com/maneeshaindrachapa/zenith/internal/adapters/mapper/reflect.go:168.40,170.17 2 0
github.com/maneeshaindrachapa/zenith/internal/adapters/mapper/reflect.go:170.17,172.4 1 0
github.com/maneeshaindrachapa/zenith/internal/adapters/mapper/reflect.go:173.3,173.30 1 0
github.com/maneeshaindrachapa/zenith/internal/adapters/mapper/reflect.go:174.10,175.65 1 0
github.com/maneeshaindrachapa/zenith/internal/adapters/mapper/reflect.go:178.2,178.12 1 0
github.com/maneeshaindrachapa/zenith/internal/adapters/mapper/reflect.go:181.77,182.72 1 0
github.com/maneeshaindrachapa/zenith/internal/adapters/mapper/reflect.go:182.72,184.3 1 0
github.com/maneeshaindrachapa/zenith/internal/adapters/mapper/reflect.go:185.2,185.13 1 0
github.com/maneeshaindrachapa/zenith/internal/adapters/mapper/reflect.go:188.57,190.57 2 0
github.com/maneeshaindrachapa/zenith/internal/adapters/mapper/reflect.go:190.57,192.3 1 0
github.com/maneeshaindrachapa/zenith/internal/adapters/mapper/reflect.go:194.2,195.36 2 0
github.com/maneeshaindrachapa/zenith/internal/adapters/mapper/reflect.go:195.36,196.83 1 0
github.com/maneeshaindrachapa/zenith/internal/adapters/mapper/reflect.go:196.83,198.4 1 0
github.com/maneeshaindrachapa/zenith/internal/adapters/mapper/reflect.go:200.2,201.12 2 0
github.com/maneeshaindrachapa/zenith/internal/adapters/mapper/reflect.go:204.38,205.27 1 0
github.com/maneeshaindrachapa/zenith/internal/adapters/mapper/reflect.go:206.12,207.16 1 0
github.com/maneeshaindrachapa/zenith/internal/adapters/mapper/reflect.go:208.14,210.17 2 0
github.com/maneeshaindrachapa/zenith/internal/adapters/mapper/reflect.go:210.17,212.4 1 0
github.com/maneeshaindrachapa/zenith/internal/adapters/mapper/reflect.go:213.3,213.18 1 0
github.com/maneeshaindrachapa/zenith/internal/adapters/mapper/reflect.go:214.10,215.59 1 0
github.com/maneeshaindrachapa/zenith/internal/adapters/mapper/reflect.go:219.48,220.27 1 0
github.com/maneeshaindrachapa/zenith/internal/adapters/mapper/reflect.go:221.11,222.23 1 0
github.com/maneeshaindrachapa/zenith/internal/adapters/mapper/reflect.go:223.12,224.23 1 0
github.com/maneeshaindrachapa/zenith/internal/adapters/mapper/reflect.go:225.13,226.23 1 0
github.com/maneeshaindrachapa/zenith/internal/adapters/mapper/reflect.go:227.13,228.23 1 0
github.com/maneeshaindrachapa/zenith/internal/adapters/mapper/reflect.go:229.13,230.16 1 0
github.com/maneeshaindrachapa/zenith/internal/adapters/mapper/reflect.go:231.15,232.29 1 0
github.com/maneeshaindrachapa/zenith/internal/adapters/mapper/reflect.go:232.29,234.4 1 0
github.com/maneeshaindrachapa/zenith/internal/adapters/mapper/reflect.go:235.3,235.23 1 0
github.com/maneeshaindrachapa/zenith/internal/adapters/mapper/reflect.go:236.14,238.17 2 0
github.com/maneeshaindrachapa/zenith/internal/adapters/mapper/reflect.go:238.17,240.4 1 0
github.com/maneeshaindrachapa/zenith/internal/adapters/mapper/reflect.go:241.3,241.18 1 0
github.com/maneeshaindrachapa/zenith/internal/adapters/mapper/reflect.go:242.10,243.58 1 0
github.com/maneeshaindrachapa/zenith/internal/adapters/mapper/reflect.go:247.50,248.27 1 0
github.com/maneeshaindrachapa/zenith/internal/adapters/mapper/reflect.go:249.12,250.24 1 0
github.com/maneeshaindrachapa/zenith/internal/adapters/mapper/reflect.go:251.13,252.24 1 0
github.com/maneeshaindrachapa/zenith/internal/adapters/mapper/reflect.go:253.14,254.24 1 0
github.com/maneeshaindrachapa/zenith/internal/adapters/mapper/reflect.go:255.14,256.24 1 0
github.com/maneeshaindrachapa/zenith/internal/adapters/mapper/reflect.go:257.14,258.16 1 0
github.com/maneeshaindrachapa/zenith/internal/adapters/mapper/reflect.go:259.15,260.39 1 0
github.com/maneeshaindrachapa/zenith/internal/adapters/mapper/reflect.go:260.39,262.4 1 0
github.com/maneeshaindrachapa/zenith/internal/adapters/mapper/reflect.go:263.3,263.24 1 0
github.com/maneeshaindrachapa/zenith/internal/adapters/mapper/reflect.go:264.14,266.17 2 0
github.com/maneeshaindrachapa/zenith/internal/adapters/mapper/reflect.go:266.17,268.4 1 0
github.com/maneeshaindrachapa/zenith/internal/adapters/mapper/reflect.go:269.3,269.18 1 0
github.com/maneeshaindrachapa/zenith/internal/adapters/mapper/reflect.go:270.10,271.67 1 0
github.com/maneeshaindrachapa/zenith/internal/adapters/mapper/reflect.go:275.52,276.27 1 0
github.com/maneeshaindrachapa/zenith/internal/adapters/mapper/reflect.go:277.15,278.25 1 0
github.com/maneeshaindrachapa/zenith/internal/adapters/mapper/reflect.go:279.15,280.16 1 0
github.com/maneeshaindrachapa/zenith/internal/adapters/mapper/reflect.go:281.11,282.25 1 0
github.com/maneeshaindrachapa/zenith/internal/adapters/mapper/reflect.go:283.13,284.25 1 0
github.com/maneeshaindrachapa/zenith/internal/adapters/mapper/reflect.go:285.14,287.17 2 0
github.com/maneeshaindrachapa/zenith/internal/adapters/mapper/reflect.go:287.17,289.4 1 0
github.com/maneeshaindrachapa/zenith/internal/adapters/mapper/reflect.go:290.3,290.18 1 0
github.com/maneeshaindrachapa/zenith/internal/adapters/mapper/reflect.go:291.10,292.56 1 0
github.com/maneeshaindrachapa/zenith/internal/adapters/mapper/reflect.go:296.51,297.27 1 0
github.com/maneeshaindrachapa/zenith/internal/adapters/mapper/reflect.go:298.21,299.16 1 0
github.com/maneeshaindrachapa/zenith/internal/adapters/mapper/reflect.go:300.14,302.17 2 0
github.com/maneeshaindrachapa/zenith/internal/adapters/mapper/reflect.go:302.17,304.4 1 0
github.com/maneeshaindrachapa/zenith/internal/adapters/mapper/reflect.go:305.3,305.18 1 0
github.com/maneeshaindrachapa/zenith/internal/adapters/mapper/reflect.go:306.10,308.17 2 0
github.com/maneeshaindrachapa/zenith/internal/adapters/mapper/reflect.go:308.17,310.4 1 0
github.com/maneeshaindrachapa/zenith/internal/adapters/mapper/reflect.go:311.3,311.38 1 0
github.com/maneeshaindrachapa/zenith/internal/app/config/loader.go:18.100,24.2 1 0
github.com/maneeshaindrachapa/zenith/internal/app/config/loader.go:27.53,29.18 2 0
github.com/maneeshaindrachapa/zenith/internal/app/config/loader.go:29.18,31.3 1 0
github.com/maneeshaindrachapa/zenith/internal/app/config/loader.go:33.2,34.16 2 0
github.com/maneeshaindrachapa/zenith/internal/app/config/loader.go:34.16,36.3 1 0
github.com/maneeshaindrachapa/zenith/internal/app/config/loader.go:38.2,38.55 1 0
github.com/maneeshaindrachapa/zenith/internal/app/config/loader.go:38.55,40.3 1 0
github.com/maneeshaindrachapa/zenith/internal/app/config/loader.go:41.2,41.12 1 0
github.com/maneeshaindrachapa/zenith/internal/app/config/loader.go:45.70,47.16 2 0
github.com/maneeshaindrachapa/zenith/internal/app/config/loader.go:47.16,49.3 1 0
github.com/maneeshaindrachapa/zenith/internal/app/config/loader.go:51.2,52.54 2 0
github.com/maneeshaindrachapa/zenith/internal/app/config/loader.go:52.54,54.3 1 0
github.com/maneeshaindrachapa/zenith/internal/app/config/loader.go:56.2,56.45 1 0
github.com/maneeshaindrachapa/zenith/zenith.go:11.42,13.2 1 0
github.com/maneeshaindrachapa/zenith/zenith.go:16.59,18.2 1 0
github.com/maneeshaindrachapa/zenith/zenith.go:20.36,22.2 1 0
github.com/maneeshaindrachapa/zenith/encoding/codec.go:29.33,31.2 1 0
github.com/maneeshaindrachapa/zenith/encoding/codec.go:34.49,36.2 1 0
github.com/maneeshaindrachapa/zenith/encoding/codec.go:39.60,41.16 2 0
github.com/maneeshaindrachapa/zenith/encoding/codec.go:41.16,43.3 1 0
github.com/maneeshaindrachapa/zenith/encoding/codec.go:44.2,44.18 1 0
github.com/maneeshaindrachapa/zenith/encoding/codec.go:44.18,46.3 1 0
github.com/maneeshaindrachapa/zenith/encoding/codec.go:48.2,49.12 2 0
github.com/maneeshaindrachapa/zenith/encoding/codec.go:53.45,55.2 1 0
github.com/maneeshaindrachapa/zenith/encoding/codec.go:58.56,61.9 3 0
github.com/maneeshaindrachapa/zenith/encoding/codec.go:61.9,63.3 1 0
github.com/maneeshaindrachapa/zenith/encoding/codec.go:64.2,64.19 1 0
github.com/maneeshaindrachapa/zenith/encoding/codec.go:68.49,70.2 1 0
github.com/maneeshaindrachapa/zenith/encoding/codec.go:73.69,75.2 1 0
github.com/maneeshaindrachapa/zenith/encoding/codec.go:78.49,80.2 1 0
github.com/maneeshaindrachapa/zenith/encoding/codec.go:83.69,85.2 1 0
github.com/maneeshaindrachapa/zenith/encoding/codec.go:88.35,90.2 1 0
github.com/maneeshaindrachapa/zenith/encoding/codec.go:93.46,95.29 2 0
github.com/maneeshaindrachapa/zenith/encoding/codec.go:95.29,97.3 1 0
github.com/maneeshaindrachapa/zenith/encoding/codec.go:98.2,99.16 2 0
github.com/maneeshaindrachapa/zenith/encoding/codec.go:103.44,107.2 3 0
github.com/maneeshaindrachapa/zenith/internal/adapters/codec/dotenv/codec.go:15.55,18.21 2 0
github.com/maneeshaindrachapa/zenith/internal/adapters/codec/dotenv/codec.go:18.21,19.21 1 0
github.com/maneeshaindrachapa/zenith/internal/adapters/codec/dotenv/codec.go:19.21,21.4 1 0
github.com/maneeshaindrachapa/zenith/internal/adapters/codec/dotenv/codec.go:22.3,22.27 1 0
github.com/maneeshaindrachapa/zenith/internal/adapters/codec/dotenv/codec.go:25.2,27.27 3 0
github.com/maneeshaindrachapa/zenith/internal/adapters/codec/dotenv/codec.go:27.27,29.10 2 0
github.com/maneeshaindrachapa/zenith/internal/adapters/codec/dotenv/codec.go:29.10,31.4 1 0
github.com/maneeshaindrachapa/zenith/internal/adapters/codec/dotenv/codec.go:34.3,34.61 1 0
github.com/maneeshaindrachapa/zenith/internal/adapters/codec/dotenv/codec.go:37.2,37.37 1 0
github.com/maneeshaindrachapa/zenith/internal/adapters/codec/dotenv/codec.go:41.59,42.14 1 0
github.com/maneeshaindrachapa/zenith/internal/adapters/codec/dotenv/codec.go:42.14,45.3 1 0
github.com/maneeshaindrachapa/zenith/internal/adapters/codec/dotenv/codec.go:46.2,46.15 1 0
github.com/maneeshaindrachapa/zenith/internal/adapters/codec/dotenv/codec.go:46.15,48.3 1 0
github.com/maneeshaindrachapa/zenith/internal/adapters/codec/dotenv/codec.go:50.2,51.52 2 0
github.com/maneeshaindrachapa/zenith/internal/adapters/codec/dotenv/codec.go:51.52,53.49 2 0
github.com/maneeshaindrachapa/zenith/internal/adapters/codec/dotenv/codec.go:53.49,54.12 1 0
github.com/maneeshaindrachapa/zenith/internal/adapters/codec/dotenv/codec.go:57.3,60.31 4 0
github.com/maneeshaindrachapa/zenith/internal/adapters/codec/dotenv/codec.go:60.31,62.4 1 0
github.com/maneeshaindrachapa/zenith/internal/adapters/codec/dotenv/codec.go:64.3,65.40 2 0
github.com/maneeshaindrachapa/zenith/internal/adapters/codec/dotenv/codec.go:65.40,67.18 2 0
github.com/maneeshaindrachapa/zenith/internal/adapters/codec/dotenv/codec.go:67.18,69.5 1 0
github.com/maneeshaindrachapa/zenith/internal/adapters/codec/dotenv/codec.go:70.4,70.19 1 0
github.com/maneeshaindrachapa/zenith/internal/adapters/codec/dotenv/codec.go:72.3,72.20 1 0
github.com/maneeshaindrachapa/zenith/internal/adapters/codec/dotenv/codec.go:75.2,75.38 1 0
github.com/maneeshaindrachapa/zenith/internal/adapters/codec/dotenv/codec.go:75.38,77.3 1 0
github.com/maneeshaindrachapa/zenith/internal/adapters/codec/dotenv/codec.go:78.2,78.12 1 0
github.com/maneeshaindrachapa/zenith/internal/adapters/codec/dotenv/codec.go:81.32,82.107 1 0
github.com/maneeshaindrachapa/zenith/internal/adapters/codec/dotenv/codec.go:82.107,84.3 1 0
github.com/maneeshaindrachapa/zenith/internal/adapters/codec/dotenv/codec.go:85.2,85.31 1 0
github.com/maneeshaindrachapa/zenith/internal/adapters/codec/dotenv/codec.go:85.31,86.117 1 0
github.com/maneeshaindrachapa/zenith/internal/adapters/codec/dotenv/codec.go:86.117,88.4 1 0
github.com/maneeshaindrachapa/zenith/internal/adapters/codec/dotenv/codec.go:90.2,90.13 1 0
github.com/maneeshaindrachapa/zenith/internal/adapters/codec/json/codec.go:12.55,14.16 2 0
github.com/maneeshaindrachapa/zenith/internal/adapters/codec/json/codec.go:14.16,17.3 1 0
github.com/maneeshaindrachapa/zenith/internal/adapters/codec/json/codec.go:18.2,18.17 1 0
github.com/maneeshaindrachapa/zenith/internal/adapters/codec/json/codec.go:22.56,23.14 1 0
github.com/maneeshaindrachapa/zenith/internal/adapters/codec/json/codec.go:23.14,26.3 1 0
github.com/maneeshaindrachapa/zenith/internal/adapters/codec/json/codec.go:28.2,28.45 1 0
github.com/maneeshaindrachapa/zenith/internal/adapters/codec/json/codec.go:28.45,31.3 1 0
github.com/maneeshaindrachapa/zenith/internal/adapters/codec/json/codec.go:33.2,33.12 1 0
github.com/maneeshaindrachapa/zenith/internal/adapters/codec/toml/codec.go:5.55,7.2 1 0
github.com/maneeshaindrachapa/zenith/internal/adapters/filereader/os.go:9.49,11.2 1 0
github.com/maneeshaindrachapa/zenith/internal/adapters/mapper/reflect.go:21.67,22.19 1 1
github.com/maneeshaindrachapa/zenith/internal/adapters/mapper/reflect.go:22.19,24.3 1 1
github.com/maneeshaindrachapa/zenith/internal/adapters/mapper/reflect.go:26.2,27.66 2 1
github.com/maneeshaindrachapa/zenith/internal/adapters/mapper/reflect.go:27.66,29.3 1 1
github.com/maneeshaindrachapa/zenith/internal/adapters/mapper/reflect.go:31.2,32.42 2 1
github.com/maneeshaindrachapa/zenith/internal/adapters/mapper/reflect.go:32.42,34.3 1 1
github.com/maneeshaindrachapa/zenith/internal/adapters/mapper/reflect.go:36.2,36.38 1 1
github.com/maneeshaindrachapa/zenith/internal/adapters/mapper/reflect.go:39.71,41.31 2 1
github.com/maneeshaindrachapa/zenith/internal/adapters/mapper/reflect.go:41.31,43.3 1 1
github.com/maneeshaindrachapa/zenith/internal/adapters/mapper/reflect.go:45.2,46.46 2 1
github.com/maneeshaindrachapa/zenith/internal/adapters/mapper/reflect.go:46.46,49.54 3 1
github.com/maneeshaindrachapa/zenith/internal/adapters/mapper/reflect.go:49.54,50.12 1 1
github.com/maneeshaindrachapa/zenith/internal/adapters/mapper/reflect.go:53.3,54.13 2 1
github.com/maneeshaindrachapa/zenith/internal/adapters/mapper/reflect.go:54.13,55.12 1 1
github.com/maneeshaindrachapa/zenith/internal/adapters/mapper/reflect.go:58.3,58.56 1 1
github.com/maneeshaindrachapa/zenith/internal/adapters/mapper/reflect.go:58.56,60.4 1 1
github.com/maneeshaindrachapa/zenith/internal/adapters/mapper/reflect.go:63.2,63.12 1 1
github.com/maneeshaindrachapa/zenith/internal/adapters/mapper/reflect.go:66.85,67.41 1 1
github.com/maneeshaindrachapa/zenith/internal/adapters/mapper/reflect.go:67.41,69.9 2 1
github.com/maneeshaindrachapa/zenith/internal/adapters/mapper/reflect.go:69.9,71.4 1 1
github.com/maneeshaindrachapa/zenith/internal/adapters/mapper/reflect.go:73.2,73.19 1 1
github.com/maneeshaindrachapa/zenith/internal/adapters/mapper/reflect.go:76.53,78.72 2 1
github.com/maneeshaindrachapa/zenith/internal/adapters/mapper/reflect.go:78.72,80.18 2 1
github.com/maneeshaindrachapa/zenith/internal/adapters/mapper/reflect.go:80.18,82.4 1 1
github.com/maneeshaindrachapa/zenith/internal/adapters/mapper/reflect.go:83.3,83.17 1 1
github.com/maneeshaindrachapa/zenith/internal/adapters/mapper/reflect.go:83.17,85.4 1 1
github.com/maneeshaindrachapa/zenith/internal/adapters/mapper/reflect.go:87.2,87.14 1 1
github.com/maneeshaindrachapa/zenith/internal/adapters/mapper/reflect.go:90.38,95.2 4 1
github.com/maneeshaindrachapa/zenith/internal/adapters/mapper/reflect.go:97.57,98.22 1 1
github.com/maneeshaindrachapa/zenith/internal/adapters/mapper/reflect.go:98.22,100.3 1 0
github.com/maneeshaindrachapa/zenith/internal/adapters/mapper/reflect.go:101.2,101.18 1 1
github.com/maneeshaindrachapa/zenith/internal/adapters/mapper/reflect.go:101.18,103.3 1 0
github.com/maneeshaindrachapa/zenith/internal/adapters/mapper/reflect.go:105.2,105.38 1 1
github.com/maneeshaindrachapa/zenith/internal/adapters/mapper/reflect.go:105.38,106.21 1 1
github.com/maneeshaindrachapa/zenith/internal/adapters/mapper/reflect.go:106.21,108.4 1 1
github.com/maneeshaindrachapa/zenith/internal/adapters/mapper/reflect.go:109.3,109.43 1 1
github.com/maneeshaindrachapa/zenith/internal/adapters/mapper/reflect.go:112.2,112.78 1 1
github.com/maneeshaindrachapa/zenith/internal/adapters/mapper/reflect.go:112.78,114.10 2 1
github.com/maneeshaindrachapa/zenith/internal/adapters/mapper/reflect.go:114.10,116.4 1 0
github.com/maneeshaindrachapa/zenith/internal/adapters/mapper/reflect.go:117.3,117.90 1 1
github.com/maneeshaindrachapa/zenith/internal/adapters/mapper/reflect.go:120.2,120.35 1 1
github.com/maneeshaindrachapa/zenith/internal/adapters/mapper/reflect.go:120.35,122.17 2 1
github.com/maneeshaindrachapa/zenith/internal/adapters/mapper/reflect.go:122.17,124.4 1 1
github.com/maneeshaindrachapa/zenith/internal/adapters/mapper/reflect.go:125.3,126.13 2 1
github.com/maneeshaindrachapa/zenith/internal/adapters/mapper/reflect.go:129.2,130.67 2 1
github.com/maneeshaindrachapa/zenith/internal/adapters/mapper/reflect.go:130.67,133.3 2 1
github.com/maneeshaindrachapa/zenith/internal/adapters/mapper/reflect.go:134.2,134.109 1 1
github.com/maneeshaindrachapa/zenith/internal/adapters/mapper/reflect.go:134.109,137.3 2 0
github.com/maneeshaindrachapa/zenith/internal/adapters/mapper/reflect.go:139.2,139.23 1 1
github.com/maneeshaindrachapa/zenith/internal/adapters/mapper/reflect.go:140.22,142.10 2 1
github.com/maneeshaindrachapa/zenith/internal/adapters/mapper/reflect.go:142.10,144.4 1 1
github.com/maneeshaindrachapa/zenith/internal/adapters/mapper/reflect.go:145.3,145.36 1 1
github.com/maneeshaindrachapa/zenith/internal/adapters/mapper/reflect.go:146.21,147.36 1 1
github.com/maneeshaindrachapa/zenith/internal/adapters/mapper/reflect.go:148.22,149.38 1 0
github.com/maneeshaindrachapa/zenith/internal/adapters/mapper/reflect.go:150.20,152.17 2 1
github.com/maneeshaindrachapa/zenith/internal/adapters/mapper/reflect.go:152.17,154.4 1 1
github.com/maneeshaindrachapa/zenith/internal/adapters/mapper/reflect.go:155.3,155.28 1 1
github.com/maneeshaindrachapa/zenith/internal/adapters/mapper/reflect.go:156.78,158.17 2 1
github.com/maneeshaindrachapa/zenith/internal/adapters/mapper/reflect.go:158.17,160.4 1 1
github.com/maneeshaindrachapa/zenith/internal/adapters/mapper/reflect.go:161.3,161.26 1 1
github.com/maneeshaindrachapa/zenith/internal/adapters/mapper/reflect.go:162.100,164.17 2 1
github.com/maneeshaindrachapa/zenith/internal/adapters/mapper/reflect.go:164.17,166.4 1 1
github.com/maneeshaindrachapa/zenith/internal/adapters/mapper/reflect.go:167.3,167.28 1 1
github.com/maneeshaindrachapa/zenith/internal/adapters/mapper/reflect.go:168.40,170.17 2 1
github.com/maneeshaindrachapa/zenith/internal/adapters/mapper/reflect.go:170.17,172.4 1 1
github.com/maneeshaindrachapa/zenith/internal/adapters/mapper/reflect.go:173.3,173.30 1 1
github.com/maneeshaindrachapa/zenith/internal/adapters/mapper/reflect.go:174.10,175.65 1 0
github.com/maneeshaindrachapa/zenith/internal/adapters/mapper/reflect.go:178.2,178.12 1 1
github.com/maneeshaindrachapa/zenith/internal/adapters/mapper/reflect.go:181.77,182.64 1 1
github.com/maneeshaindrachapa/zenith/internal/adapters/mapper/reflect.go:182.64,184.3 1 1
github.com/maneeshaindrachapa/zenith/internal/adapters/mapper/reflect.go:185.2,185.13 1 0
github.com/maneeshaindrachapa/zenith/internal/adapters/mapper/reflect.go:188.43,189.14 1 1
github.com/maneeshaindrachapa/zenith/internal/adapters/mapper/reflect.go:194.18,195.14 1 1
github.com/maneeshaindrachapa/zenith/internal/adapters/mapper/reflect.go:196.10,197.15 1 0
github.com/maneeshaindrachapa/zenith/internal/adapters/mapper/reflect.go:201.57,203.57 2 1
github.com/maneeshaindrachapa/zenith/internal/adapters/mapper/reflect.go:203.57,205.3 1 1
github.com/maneeshaindrachapa/zenith/internal/adapters/mapper/reflect.go:207.2,208.36 2 1
github.com/maneeshaindrachapa/zenith/internal/adapters/mapper/reflect.go:208.36,209.83 1 1
github.com/maneeshaindrachapa/zenith/internal/adapters/mapper/reflect.go:209.83,211.4 1 0
github.com/maneeshaindrachapa/zenith/internal/adapters/mapper/reflect.go:213.2,214.12 2 1
github.com/maneeshaindrachapa/zenith/internal/adapters/mapper/reflect.go:217.38,218.27 1 1
github.com/maneeshaindrachapa/zenith/internal/adapters/mapper/reflect.go:219.12,220.16 1 0
github.com/maneeshaindrachapa/zenith/internal/adapters/mapper/reflect.go:221.14,223.17 2 1
github.com/maneeshaindrachapa/zenith/internal/adapters/mapper/reflect.go:223.17,225.4 1 1
github.com/maneeshaindrachapa/zenith/internal/adapters/mapper/reflect.go:226.3,226.18 1 1
github.com/maneeshaindrachapa/zenith/internal/adapters/mapper/reflect.go:227.10,228.59 1 0
github.com/maneeshaindrachapa/zenith/internal/adapters/mapper/reflect.go:232.48,233.27 1 1
github.com/maneeshaindrachapa/zenith/internal/adapters/mapper/reflect.go:234.11,235.23 1 0
github.com/maneeshaindrachapa/zenith/internal/adapters/mapper/reflect.go:236.12,237.23 1 0
github.com/maneeshaindrachapa/zenith/internal/adapters/mapper/reflect.go:238.13,239.23 1 0
github.com/maneeshaindrachapa/zenith/internal/adapters/mapper/reflect.go:240.13,241.23 1 0
github.com/maneeshaindrachapa/zenith/internal/adapters/mapper/reflect.go:242.13,243.16 1 0
github.com/maneeshaindrachapa/zenith/internal/adapters/mapper/reflect.go:244.15,245.29 1 1
github.com/maneeshaindrachapa/zenith/internal/adapters/mapper/reflect.go:245.29,247.4 1 1
github.com/maneeshaindrachapa/zenith/internal/adapters/mapper/reflect.go:248.3,248.23 1 1
github.com/maneeshaindrachapa/zenith/internal/adapters/mapper/reflect.go:249.14,251.17 2 1
github.com/maneeshaindrachapa/zenith/internal/adapters/mapper/reflect.go:251.17,253.4 1 0
github.com/maneeshaindrachapa/zenith/internal/adapters/mapper/reflect.go:254.3,254.18 1 1
github.com/maneeshaindrachapa/zenith/internal/adapters/mapper/reflect.go:255.10,256.58 1 0
github.com/maneeshaindrachapa/zenith/internal/adapters/mapper/reflect.go:260.50,261.27 1 1
github.com/maneeshaindrachapa/zenith/internal/adapters/mapper/reflect.go:262.12,263.24 1 0
github.com/maneeshaindrachapa/zenith/internal/adapters/mapper/reflect.go:264.13,265.24 1 0
github.com/maneeshaindrachapa/zenith/internal/adapters/mapper/reflect.go:266.14,267.24 1 0
github.com/maneeshaindrachapa/zenith/internal/adapters/mapper/reflect.go:268.14,269.24 1 0
github.com/maneeshaindrachapa/zenith/internal/adapters/mapper/reflect.go:270.14,271.16 1 0
github.com/maneeshaindrachapa/zenith/internal/adapters/mapper/reflect.go:272.15,273.39 1 1
github.com/maneeshaindrachapa/zenith/internal/adapters/mapper/reflect.go:273.39,275.4 1 1
github.com/maneeshaindrachapa/zenith/internal/adapters/mapper/reflect.go:276.3,276.24 1 0
github.com/maneeshaindrachapa/zenith/internal/adapters/mapper/reflect.go:277.14,279.17 2 1
github.com/maneeshaindrachapa/zenith/internal/adapters/mapper/reflect.go:279.17,281.4 1 0
github.com/maneeshaindrachapa/zenith/internal/adapters/mapper/reflect.go:282.3,282.18 1 1
github.com/maneeshaindrachapa/zenith/internal/adapters/mapper/reflect.go:283.10,284.67 1 0
github.com/maneeshaindrachapa/zenith/internal/adapters/mapper/reflect.go:288.52,289.27 1 1
github.com/maneeshaindrachapa/zenith/internal/adapters/mapper/reflect.go:290.15,291.25 1 0
github.com/maneeshaindrachapa/zenith/internal/adapters/mapper/reflect.go:292.15,293.16 1 0
github.com/maneeshaindrachapa/zenith/internal/adapters/mapper/reflect.go:294.11,295.25 1 0
github.com/maneeshaindrachapa/zenith/internal/adapters/mapper/reflect.go:296.13,297.25 1 0
github.com/maneeshaindrachapa/zenith/internal/adapters/mapper/reflect.go:298.14,300.17 2 1
github.com/maneeshaindrachapa/zenith/internal/adapters/mapper/reflect.go:300.17,302.4 1 1
github.com/maneeshaindrachapa/zenith/internal/adapters/mapper/reflect.go:303.3,303.18 1 1
github.com/maneeshaindrachapa/zenith/internal/adapters/mapper/reflect.go:304.10,305.56 1 0
github.com/maneeshaindrachapa/zenith/internal/adapters/mapper/reflect.go:309.51,310.27 1 1
github.com/maneeshaindrachapa/zenith/internal/adapters/mapper/reflect.go:311.21,312.16 1 0
github.com/maneeshaindrachapa/zenith/internal/adapters/mapper/reflect.go:313.14,315.17 2 1
github.com/maneeshaindrachapa/zenith/internal/adapters/mapper/reflect.go:315.17,317.4 1 1
github.com/maneeshaindrachapa/zenith/internal/adapters/mapper/reflect.go:318.3,318.18 1 1
github.com/maneeshaindrachapa/zenith/internal/adapters/mapper/reflect.go:319.10,321.17 2 0
github.com/maneeshaindrachapa/zenith/internal/adapters/mapper/reflect.go:321.17,323.4 1 0
github.com/maneeshaindrachapa/zenith/internal/adapters/mapper/reflect.go:324.3,324.38 1 0
github.com/maneeshaindrachapa/zenith/internal/app/config/loader.go:18.100,24.2 1 0
github.com/maneeshaindrachapa/zenith/internal/app/config/loader.go:27.53,29.18 2 0
github.com/maneeshaindrachapa/zenith/internal/app/config/loader.go:29.18,31.3 1 0
github.com/maneeshaindrachapa/zenith/internal/app/config/loader.go:33.2,34.16 2 0
github.com/maneeshaindrachapa/zenith/internal/app/config/loader.go:34.16,36.3 1 0
github.com/maneeshaindrachapa/zenith/internal/app/config/loader.go:38.2,38.55 1 0
github.com/maneeshaindrachapa/zenith/internal/app/config/loader.go:38.55,40.3 1 0
github.com/maneeshaindrachapa/zenith/internal/app/config/loader.go:41.2,41.12 1 0
github.com/maneeshaindrachapa/zenith/internal/app/config/loader.go:45.70,47.16 2 0
github.com/maneeshaindrachapa/zenith/internal/app/config/loader.go:47.16,49.3 1 0
github.com/maneeshaindrachapa/zenith/internal/app/config/loader.go:51.2,52.54 2 0
github.com/maneeshaindrachapa/zenith/internal/app/config/loader.go:52.54,54.3 1 0
github.com/maneeshaindrachapa/zenith/internal/app/config/loader.go:56.2,56.45 1 0
github.com/maneeshaindrachapa/zenith/zenith.go:11.42,13.2 1 0
github.com/maneeshaindrachapa/zenith/zenith.go:16.59,18.2 1 0
github.com/maneeshaindrachapa/zenith/zenith.go:20.36,22.2 1 0
github.com/maneeshaindrachapa/zenith/encoding/codec.go:29.33,31.2 1 1
github.com/maneeshaindrachapa/zenith/encoding/codec.go:34.49,36.2 1 1
github.com/maneeshaindrachapa/zenith/encoding/codec.go:39.60,41.16 2 1
github.com/maneeshaindrachapa/zenith/encoding/codec.go:41.16,43.3 1 1
github.com/maneeshaindrachapa/zenith/encoding/codec.go:44.2,44.18 1 1
github.com/maneeshaindrachapa/zenith/encoding/codec.go:44.18,46.3 1 1
github.com/maneeshaindrachapa/zenith/encoding/codec.go:48.2,49.12 2 1
github.com/maneeshaindrachapa/zenith/encoding/codec.go:53.45,55.2 1 1
github.com/maneeshaindrachapa/zenith/encoding/codec.go:58.56,61.9 3 1
github.com/maneeshaindrachapa/zenith/encoding/codec.go:61.9,63.3 1 1
github.com/maneeshaindrachapa/zenith/encoding/codec.go:64.2,64.19 1 1
github.com/maneeshaindrachapa/zenith/encoding/codec.go:68.49,70.2 1 1
github.com/maneeshaindrachapa/zenith/encoding/codec.go:73.69,75.2 1 1
github.com/maneeshaindrachapa/zenith/encoding/codec.go:78.49,80.2 1 1
github.com/maneeshaindrachapa/zenith/encoding/codec.go:83.69,85.2 1 1
github.com/maneeshaindrachapa/zenith/encoding/codec.go:88.35,90.2 1 1
github.com/maneeshaindrachapa/zenith/encoding/codec.go:93.46,95.29 2 1
github.com/maneeshaindrachapa/zenith/encoding/codec.go:95.29,97.3 1 1
github.com/maneeshaindrachapa/zenith/encoding/codec.go:98.2,99.16 2 1
github.com/maneeshaindrachapa/zenith/encoding/codec.go:103.44,107.2 3 1
github.com/maneeshaindrachapa/zenith/internal/adapters/codec/dotenv/codec.go:15.55,18.21 2 0
github.com/maneeshaindrachapa/zenith/internal/adapters/codec/dotenv/codec.go:18.21,19.21 1 0
github.com/maneeshaindrachapa/zenith/internal/adapters/codec/dotenv/codec.go:19.21,21.4 1 0
github.com/maneeshaindrachapa/zenith/internal/adapters/codec/dotenv/codec.go:22.3,22.27 1 0
github.com/maneeshaindrachapa/zenith/internal/adapters/codec/dotenv/codec.go:25.2,27.27 3 0
github.com/maneeshaindrachapa/zenith/internal/adapters/codec/dotenv/codec.go:27.27,29.10 2 0
github.com/maneeshaindrachapa/zenith/internal/adapters/codec/dotenv/codec.go:29.10,31.4 1 0
github.com/maneeshaindrachapa/zenith/internal/adapters/codec/dotenv/codec.go:34.3,34.61 1 0
github.com/maneeshaindrachapa/zenith/internal/adapters/codec/dotenv/codec.go:37.2,37.37 1 0
github.com/maneeshaindrachapa/zenith/internal/adapters/codec/dotenv/codec.go:41.59,42.14 1 0
github.com/maneeshaindrachapa/zenith/internal/adapters/codec/dotenv/codec.go:42.14,45.3 1 0
github.com/maneeshaindrachapa/zenith/internal/adapters/codec/dotenv/codec.go:46.2,46.15 1 0
github.com/maneeshaindrachapa/zenith/internal/adapters/codec/dotenv/codec.go:46.15,48.3 1 0
github.com/maneeshaindrachapa/zenith/internal/adapters/codec/dotenv/codec.go:50.2,51.52 2 0
github.com/maneeshaindrachapa/zenith/internal/adapters/codec/dotenv/codec.go:51.52,53.49 2 0
github.com/maneeshaindrachapa/zenith/internal/adapters/codec/dotenv/codec.go:53.49,54.12 1 0
github.com/maneeshaindrachapa/zenith/internal/adapters/codec/dotenv/codec.go:57.3,60.31 4 0
github.com/maneeshaindrachapa/zenith/internal/adapters/codec/dotenv/codec.go:60.31,62.4 1 0
github.com/maneeshaindrachapa/zenith/internal/adapters/codec/dotenv/codec.go:64.3,65.40 2 0
github.com/maneeshaindrachapa/zenith/internal/adapters/codec/dotenv/codec.go:65.40,67.18 2 0
github.com/maneeshaindrachapa/zenith/internal/adapters/codec/dotenv/codec.go:67.18,69.5 1 0
github.com/maneeshaindrachapa/zenith/internal/adapters/codec/dotenv/codec.go:70.4,70.19 1 0
github.com/maneeshaindrachapa/zenith/internal/adapters/codec/dotenv/codec.go:72.3,72.20 1 0
github.com/maneeshaindrachapa/zenith/internal/adapters/codec/dotenv/codec.go:75.2,75.38 1 0
github.com/maneeshaindrachapa/zenith/internal/adapters/codec/dotenv/codec.go:75.38,77.3 1 0
github.com/maneeshaindrachapa/zenith/internal/adapters/codec/dotenv/codec.go:78.2,78.12 1 0
github.com/maneeshaindrachapa/zenith/internal/adapters/codec/dotenv/codec.go:81.32,82.107 1 0
github.com/maneeshaindrachapa/zenith/internal/adapters/codec/dotenv/codec.go:82.107,84.3 1 0
github.com/maneeshaindrachapa/zenith/internal/adapters/codec/dotenv/codec.go:85.2,85.31 1 0
github.com/maneeshaindrachapa/zenith/internal/adapters/codec/dotenv/codec.go:85.31,86.117 1 0
github.com/maneeshaindrachapa/zenith/internal/adapters/codec/dotenv/codec.go:86.117,88.4 1 0
github.com/maneeshaindrachapa/zenith/internal/adapters/codec/dotenv/codec.go:90.2,90.13 1 0
github.com/maneeshaindrachapa/zenith/internal/adapters/codec/json/codec.go:12.55,14.16 2 0
github.com/maneeshaindrachapa/zenith/internal/adapters/codec/json/codec.go:14.16,17.3 1 0
github.com/maneeshaindrachapa/zenith/internal/adapters/codec/json/codec.go:18.2,18.17 1 0
github.com/maneeshaindrachapa/zenith/internal/adapters/codec/json/codec.go:22.56,23.14 1 0
github.com/maneeshaindrachapa/zenith/internal/adapters/codec/json/codec.go:23.14,26.3 1 0
github.com/maneeshaindrachapa/zenith/internal/adapters/codec/json/codec.go:28.2,28.45 1 0
github.com/maneeshaindrachapa/zenith/internal/adapters/codec/json/codec.go:28.45,31.3 1 0
github.com/maneeshaindrachapa/zenith/internal/adapters/codec/json/codec.go:33.2,33.12 1 0
github.com/maneeshaindrachapa/zenith/internal/adapters/codec/toml/codec.go:5.55,7.2 1 0
github.com/maneeshaindrachapa/zenith/internal/adapters/filereader/os.go:9.49,11.2 1 0
github.com/maneeshaindrachapa/zenith/internal/adapters/mapper/reflect.go:21.67,22.19 1 0
github.com/maneeshaindrachapa/zenith/internal/adapters/mapper/reflect.go:22.19,24.3 1 0
github.com/maneeshaindrachapa/zenith/internal/adapters/mapper/reflect.go:26.2,27.66 2 0
github.com/maneeshaindrachapa/zenith/internal/adapters/mapper/reflect.go:27.66,29.3 1 0
github.com/maneeshaindrachapa/zenith/internal/adapters/mapper/reflect.go:31.2,32.42 2 0
github.com/maneeshaindrachapa/zenith/internal/adapters/mapper/reflect.go:32.42,34.3 1 0
github.com/maneeshaindrachapa/zenith/internal/adapters/mapper/reflect.go:36.2,36.38 1 0
github.com/maneeshaindrachapa/zenith/internal/adapters/mapper/reflect.go:39.71,41.31 2 0
github.com/maneeshaindrachapa/zenith/internal/adapters/mapper/reflect.go:41.31,43.3 1 0
github.com/maneeshaindrachapa/zenith/internal/adapters/mapper/reflect.go:45.2,46.46 2 0
github.com/maneeshaindrachapa/zenith/internal/adapters/mapper/reflect.go:46.46,49.54 3 0
github.com/maneeshaindrachapa/zenith/internal/adapters/mapper/reflect.go:49.54,50.12 1 0
github.com/maneeshaindrachapa/zenith/internal/adapters/mapper/reflect.go:53.3,54.13 2 0
github.com/maneeshaindrachapa/zenith/internal/adapters/mapper/reflect.go:54.13,55.12 1 0
github.com/maneeshaindrachapa/zenith/internal/adapters/mapper/reflect.go:58.3,58.56 1 0
github.com/maneeshaindrachapa/zenith/internal/adapters/mapper/reflect.go:58.56,60.4 1 0
github.com/maneeshaindrachapa/zenith/internal/adapters/mapper/reflect.go:63.2,63.12 1 0
github.com/maneeshaindrachapa/zenith/internal/adapters/mapper/reflect.go:66.85,67.41 1 0
github.com/maneeshaindrachapa/zenith/internal/adapters/mapper/reflect.go:67.41,69.9 2 0
github.com/maneeshaindrachapa/zenith/internal/adapters/mapper/reflect.go:69.9,71.4 1 0
github.com/maneeshaindrachapa/zenith/internal/adapters/mapper/reflect.go:73.2,73.19 1 0
github.com/maneeshaindrachapa/zenith/internal/adapters/mapper/reflect.go:76.53,78.72 2 0
github.com/maneeshaindrachapa/zenith/internal/adapters/mapper/reflect.go:78.72,80.18 2 0
github.com/maneeshaindrachapa/zenith/internal/adapters/mapper/reflect.go:80.18,82.4 1 0
github.com/maneeshaindrachapa/zenith/internal/adapters/mapper/reflect.go:83.3,83.17 1 0
github.com/maneeshaindrachapa/zenith/internal/adapters/mapper/reflect.go:83.17,85.4 1 0
github.com/maneeshaindrachapa/zenith/internal/adapters/mapper/reflect.go:87.2,87.14 1 0
github.com/maneeshaindrachapa/zenith/internal/adapters/mapper/reflect.go:90.38,95.2 4 0
github.com/maneeshaindrachapa/zenith/internal/adapters/mapper/reflect.go:97.57,98.22 1 0
github.com/maneeshaindrachapa/zenith/internal/adapters/mapper/reflect.go:98.22,100.3 1 0
github.com/maneeshaindrachapa/zenith/internal/adapters/mapper/reflect.go:101.2,101.18 1 0
github.com/maneeshaindrachapa/zenith/internal/adapters/mapper/reflect.go:101.18,103.3 1 0
github.com/maneeshaindrachapa/zenith/internal/adapters/mapper/reflect.go:105.2,105.38 1 0
github.com/maneeshaindrachapa/zenith/internal/adapters/mapper/reflect.go:105.38,106.21 1 0
github.com/maneeshaindrachapa/zenith/internal/adapters/mapper/reflect.go:106.21,108.4 1 0
github.com/maneeshaindrachapa/zenith/internal/adapters/mapper/reflect.go:109.3,109.43 1 0
github.com/maneeshaindrachapa/zenith/internal/adapters/mapper/reflect.go:112.2,112.78 1 0
github.com/maneeshaindrachapa/zenith/internal/adapters/mapper/reflect.go:112.78,114.10 2 0
github.com/maneeshaindrachapa/zenith/internal/adapters/mapper/reflect.go:114.10,116.4 1 0
github.com/maneeshaindrachapa/zenith/internal/adapters/mapper/reflect.go:117.3,117.90 1 0
github.com/maneeshaindrachapa/zenith/internal/adapters/mapper/reflect.go:120.2,120.35 1 0
github.com/maneeshaindrachapa/zenith/internal/adapters/mapper/reflect.go:120.35,122.17 2 0
github.com/maneeshaindrachapa/zenith/internal/adapters/mapper/reflect.go:122.17,124.4 1 0
github.com/maneeshaindrachapa/zenith/internal/adapters/mapper/reflect.go:125.3,126.13 2 0
github.com/maneeshaindrachapa/zenith/internal/adapters/mapper/reflect.go:129.2,130.67 2 0
github.com/maneeshaindrachapa/zenith/internal/adapters/mapper/reflect.go:130.67,133.3 2 0
github.com/maneeshaindrachapa/zenith/internal/adapters/mapper/reflect.go:134.2,134.109 1 0
github.com/maneeshaindrachapa/zenith/internal/adapters/mapper/reflect.go:134.109,137.3 2 0
github.com/maneeshaindrachapa/zenith/internal/adapters/mapper/reflect.go:139.2,139.23 1 0
github.com/maneeshaindrachapa/zenith/internal/adapters/mapper/reflect.go:140.22,142.10 2 0
github.com/maneeshaindrachapa/zenith/internal/adapters/mapper/reflect.go:142.10,144.4 1 0
github.com/maneeshaindrachapa/zenith/internal/adapters/mapper/reflect.go:145.3,145.36 1 0
github.com/maneeshaindrachapa/zenith/internal/adapters/mapper/reflect.go:146.21,147.36 1 0
github.com/maneeshaindrachapa/zenith/internal/adapters/mapper/reflect.go:148.22,149.38 1 0
github.com/maneeshaindrachapa/zenith/internal/adapters/mapper/reflect.go:150.20,152.17 2 0
github.com/maneeshaindrachapa/zenith/internal/adapters/mapper/reflect.go:152.17,154.4 1 0
github.com/maneeshaindrachapa/zenith/internal/adapters/mapper/reflect.go:155.3,155.28 1 0
github.com/maneeshaindrachapa/zenith/internal/adapters/mapper/reflect.go:156.78,158.17 2 0
github.com/maneeshaindrachapa/zenith/internal/adapters/mapper/reflect.go:158.17,160.4 1 0
github.com/maneeshaindrachapa/zenith/internal/adapters/mapper/reflect.go:161.3,161.26 1 0
github.com/maneeshaindrachapa/zenith/internal/adapters/mapper/reflect.go:162.100,164.17 2 0
github.com/maneeshaindrachapa/zenith/internal/adapters/mapper/reflect.go:164.17,166.4 1 0
github.com/maneeshaindrachapa/zenith/internal/adapters/mapper/reflect.go:167.3,167.28 1 0
github.com/maneeshaindrachapa/zenith/internal/adapters/mapper/reflect.go:168.40,170.17 2 0
github.com/maneeshaindrachapa/zenith/internal/adapters/mapper/reflect.go:170.17,172.4 1 0
github.com/maneeshaindrachapa/zenith/internal/adapters/mapper/reflect.go:173.3,173.30 1 0
github.com/maneeshaindrachapa/zenith/internal/adapters/mapper/reflect.go:174.10,175.65 1 0
github.com/maneeshaindrachapa/zenith/internal/adapters/mapper/reflect.go:178.2,178.12 1 0
github.com/maneeshaindrachapa/zenith/internal/adapters/mapper/reflect.go:181.77,182.72 1 0
github.com/maneeshaindrachapa/zenith/internal/adapters/mapper/reflect.go:182.72,184.3 1 0
github.com/maneeshaindrachapa/zenith/internal/adapters/mapper/reflect.go:185.2,185.13 1 0
github.com/maneeshaindrachapa/zenith/internal/adapters/mapper/reflect.go:188.57,190.57 2 0
github.com/maneeshaindrachapa/zenith/internal/adapters/mapper/reflect.go:190.57,192.3 1 0
github.com/maneeshaindrachapa/zenith/internal/adapters/mapper/reflect.go:194.2,195.36 2 0
github.com/maneeshaindrachapa/zenith/internal/adapters/mapper/reflect.go:195.36,196.83 1 0
github.com/maneeshaindrachapa/zenith/internal/adapters/mapper/reflect.go:196.83,198.4 1 0
github.com/maneeshaindrachapa/zenith/internal/adapters/mapper/reflect.go:200.2,201.12 2 0
github.com/maneeshaindrachapa/zenith/internal/adapters/mapper/reflect.go:204.38,205.27 1 0
github.com/maneeshaindrachapa/zenith/internal/adapters/mapper/reflect.go:206.12,207.16 1 0
github.com/maneeshaindrachapa/zenith/internal/adapters/mapper/reflect.go:208.14,210.17 2 0
github.com/maneeshaindrachapa/zenith/internal/adapters/mapper/reflect.go:210.17,212.4 1 0
github.com/maneeshaindrachapa/zenith/internal/adapters/mapper/reflect.go:213.3,213.18 1 0
github.com/maneeshaindrachapa/zenith/internal/adapters/mapper/reflect.go:214.10,215.59 1 0
github.com/maneeshaindrachapa/zenith/internal/adapters/mapper/reflect.go:219.48,220.27 1 0
github.com/maneeshaindrachapa/zenith/internal/adapters/mapper/reflect.go:221.11,222.23 1 0
github.com/maneeshaindrachapa/zenith/internal/adapters/mapper/reflect.go:223.12,224.23 1 0
github.com/maneeshaindrachapa/zenith/internal/adapters/mapper/reflect.go:225.13,226.23 1 0
github.com/maneeshaindrachapa/zenith/internal/adapters/mapper/reflect.go:227.13,228.23 1 0
github.com/maneeshaindrachapa/zenith/internal/adapters/mapper/reflect.go:229.13,230.16 1 0
github.com/maneeshaindrachapa/zenith/internal/adapters/mapper/reflect.go:231.15,232.29 1 0
github.com/maneeshaindrachapa/zenith/internal/adapters/mapper/reflect.go:232.29,234.4 1 0
github.com/maneeshaindrachapa/zenith/internal/adapters/mapper/reflect.go:235.3,235.23 1 0
github.com/maneeshaindrachapa/zenith/internal/adapters/mapper/reflect.go:236.14,238.17 2 0
github.com/maneeshaindrachapa/zenith/internal/adapters/mapper/reflect.go:238.17,240.4 1 0
github.com/maneeshaindrachapa/zenith/internal/adapters/mapper/reflect.go:241.3,241.18 1 0
github.com/maneeshaindrachapa/zenith/internal/adapters/mapper/reflect.go:242.10,243.58 1 0
github.com/maneeshaindrachapa/zenith/internal/adapters/mapper/reflect.go:247.50,248.27 1 0
github.com/maneeshaindrachapa/zenith/internal/adapters/mapper/reflect.go:249.12,250.24 1 0
github.com/maneeshaindrachapa/zenith/internal/adapters/mapper/reflect.go:251.13,252.24 1 0
github.com/maneeshaindrachapa/zenith/internal/adapters/mapper/reflect.go:253.14,254.24 1 0
github.com/maneeshaindrachapa/zenith/internal/adapters/mapper/reflect.go:255.14,256.24 1 0
github.com/maneeshaindrachapa/zenith/internal/adapters/mapper/reflect.go:257.14,258.16 1 0
github.com/maneeshaindrachapa/zenith/internal/adapters/mapper/reflect.go:259.15,260.39 1 0
github.com/maneeshaindrachapa/zenith/internal/adapters/mapper/reflect.go:260.39,262.4 1 0
github.com/maneeshaindrachapa/zenith/internal/adapters/mapper/reflect.go:263.3,263.24 1 0
github.com/maneeshaindrachapa/zenith/internal/adapters/mapper/reflect.go:264.14,266.17 2 0
github.com/maneeshaindrachapa/zenith/internal/adapters/mapper/reflect.go:266.17,268.4 1 0
github.com/maneeshaindrachapa/zenith/internal/adapters/mapper/reflect.go:269.3,269.18 1 0
github.com/maneeshaindrachapa/zenith/internal/adapters/mapper/reflect.go:270.10,271.67 1 0
github.com/maneeshaindrachapa/zenith/internal/adapters/mapper/reflect.go:275.52,276.27 1 0
github.com/maneeshaindrachapa/zenith/internal/adapters/mapper/reflect.go:277.15,278.25 1 0
github.com/maneeshaindrachapa/zenith/internal/adapters/mapper/reflect.go:279.15,280.16 1 0
github.com/maneeshaindrachapa/zenith/internal/adapters/mapper/reflect.go:281.11,282.25 1 0
github.com/maneeshaindrachapa/zenith/internal/adapters/mapper/reflect.go:283.13,284.25 1 0
github.com/maneeshaindrachapa/zenith/internal/adapters/mapper/reflect.go:285.14,287.17 2 0
github.com/maneeshaindrachapa/zenith/internal/adapters/mapper/reflect.go:287.17,289.4 1 0
github.com/maneeshaindrachapa/zenith/internal/adapters/mapper/reflect.go:290.3,290.18 1 0
github.com/maneeshaindrachapa/zenith/internal/adapters/mapper/reflect.go:291.10,292.56 1 0
github.com/maneeshaindrachapa/zenith/internal/adapters/mapper/reflect.go:296.51,297.27 1 0
github.com/maneeshaindrachapa/zenith/internal/adapters/mapper/reflect.go:298.21,299.16 1 0
github.com/maneeshaindrachapa/zenith/internal/adapters/mapper/reflect.go:300.14,302.17 2 0
github.com/maneeshaindrachapa/zenith/internal/adapters/mapper/reflect.go:302.17,304.4 1 0
github.com/maneeshaindrachapa/zenith/internal/adapters/mapper/reflect.go:305.3,305.18 1 0
github.com/maneeshaindrachapa/zenith/internal/adapters/mapper/reflect.go:306.10,308.17 2 0
github.com/maneeshaindrachapa/zenith/internal/adapters/mapper/reflect.go:308.17,310.4 1 0
github.com/maneeshaindrachapa/zenith/internal/adapters/mapper/reflect.go:311.3,311.38 1 0
github.com/maneeshaindrachapa/zenith/internal/app/config/loader.go:18.100,24.2 1 0
github.com/maneeshaindrachapa/zenith/internal/app/config/loader.go:27.53,29.18 2 0
github.com/maneeshaindrachapa/zenith/internal/app/config/loader.go:29.18,31.3 1 0
github.com/maneeshaindrachapa/zenith/internal/app/config/loader.go:33.2,34.16 2 0
github.com/maneeshaindrachapa/zenith/internal/app/config/loader.go:34.16,36.3 1 0
github.com/maneeshaindrachapa/zenith/internal/app/config/loader.go:38.2,38.55 1 0
github.com/maneeshaindrachapa/zenith/internal/app/config/loader.go:38.55,40.3 1 0
github.com/maneeshaindrachapa/zenith/internal/app/config/loader.go:41.2,41.12 1 0
github.com/maneeshaindrachapa/zenith/internal/app/config/loader.go:45.70,47.16 2 0
github.com/maneeshaindrachapa/zenith/internal/app/config/loader.go:47.16,49.3 1 0
github.com/maneeshaindrachapa/zenith/internal/app/config/loader.go:51.2,52.54 2 0
github.com/maneeshaindrachapa/zenith/internal/app/config/loader.go:52.54,54.3 1 0
github.com/maneeshaindrachapa/zenith/internal/app/config/loader.go:56.2,56.45 1 0
github.com/maneeshaindrachapa/zenith/zenith.go:11.42,13.2 1 0
github.com/maneeshaindrachapa/zenith/zenith.go:16.59,18.2 1 0
github.com/maneeshaindrachapa/zenith/zenith.go:20.36,22.2 1 0
github.com/maneeshaindrachapa/zenith/encoding/codec.go:29.33,31.2 1 0
github.com/maneeshaindrachapa/zenith/encoding/codec.go:34.49,36.2 1 0
github.com/maneeshaindrachapa/zenith/encoding/codec.go:39.60,41.16 2 0
github.com/maneeshaindrachapa/zenith/encoding/codec.go:41.16,43.3 1 0
github.com/maneeshaindrachapa/zenith/encoding/codec.go:44.2,44.18 1 0
github.com/maneeshaindrachapa/zenith/encoding/codec.go:44.18,46.3 1 0
github.com/maneeshaindrachapa/zenith/encoding/codec.go:48.2,49.12 2 0
github.com/maneeshaindrachapa/zenith/encoding/codec.go:53.45,55.2 1 0
github.com/maneeshaindrachapa/zenith/encoding/codec.go:58.56,61.9 3 0
github.com/maneeshaindrachapa/zenith/encoding/codec.go:61.9,63.3 1 0
github.com/maneeshaindrachapa/zenith/encoding/codec.go:64.2,64.19 1 0
github.com/maneeshaindrachapa/zenith/encoding/codec.go:68.49,70.2 1 0
github.com/maneeshaindrachapa/zenith/encoding/codec.go:73.69,75.2 1 0
github.com/maneeshaindrachapa/zenith/encoding/codec.go:78.49,80.2 1 0
github.com/maneeshaindrachapa/zenith/encoding/codec.go:83.69,85.2 1 0
github.com/maneeshaindrachapa/zenith/encoding/codec.go:88.35,90.2 1 0
github.com/maneeshaindrachapa/zenith/encoding/codec.go:93.46,95.29 2 0
github.com/maneeshaindrachapa/zenith/encoding/codec.go:95.29,97.3 1 0
github.com/maneeshaindrachapa/zenith/encoding/codec.go:98.2,99.16 2 0
github.com/maneeshaindrachapa/zenith/encoding/codec.go:103.44,107.2 3 0
github.com/maneeshaindrachapa/zenith/internal/adapters/codec/dotenv/codec.go:15.55,18.21 2 0
github.com/maneeshaindrachapa/zenith/internal/adapters/codec/dotenv/codec.go:18.21,19.21 1 0
github.com/maneeshaindrachapa/zenith/internal/adapters/codec/dotenv/codec.go:19.21,21.4 1 0
github.com/maneeshaindrachapa/zenith/internal/adapters/codec/dotenv/codec.go:22.3,22.27 1 0
github.com/maneeshaindrachapa/zenith/internal/adapters/codec/dotenv/codec.go:25.2,27.27 3 0
github.com/maneeshaindrachapa/zenith/internal/adapters/codec/dotenv/codec.go:27.27,29.10 2 0
github.com/maneeshaindrachapa/zenith/internal/adapters/codec/dotenv/codec.go:29.10,31.4 1 0
github.com/maneeshaindrachapa/zenith/internal/adapters/codec/dotenv/codec.go:34.3,34.61 1 0
github.com/maneeshaindrachapa/zenith/internal/adapters/codec/dotenv/codec.go:37.2,37.37 1 0
github.com/maneeshaindrachapa/zenith/internal/adapters/codec/dotenv/codec.go:41.59,42.14 1 0
github.com/maneeshaindrachapa/zenith/internal/adapters/codec/dotenv/codec.go:42.14,45.3 1 0
github.com/maneeshaindrachapa/zenith/internal/adapters/codec/dotenv/codec.go:46.2,46.15 1 0
github.com/maneeshaindrachapa/zenith/internal/adapters/codec/dotenv/codec.go:46.15,48.3 1 0
github.com/maneeshaindrachapa/zenith/internal/adapters/codec/dotenv/codec.go:50.2,51.52 2 0
github.com/maneeshaindrachapa/zenith/internal/adapters/codec/dotenv/codec.go:51.52,53.49 2 0
github.com/maneeshaindrachapa/zenith/internal/adapters/codec/dotenv/codec.go:53.49,54.12 1 0
github.com/maneeshaindrachapa/zenith/internal/adapters/codec/dotenv/codec.go:57.3,60.31 4 0
github.com/maneeshaindrachapa/zenith/internal/adapters/codec/dotenv/codec.go:60.31,62.4 1 0
github.com/maneeshaindrachapa/zenith/internal/adapters/codec/dotenv/codec.go:64.3,65.40 2 0
github.com/maneeshaindrachapa/zenith/internal/adapters/codec/dotenv/codec.go:65.40,67.18 2 0
github.com/maneeshaindrachapa/zenith/internal/adapters/codec/dotenv/codec.go:67.18,69.5 1 0
github.com/maneeshaindrachapa/zenith/internal/adapters/codec/dotenv/codec.go:70.4,70.19 1 0
github.com/maneeshaindrachapa/zenith/internal/adapters/codec/dotenv/codec.go:72.3,72.20 1 0
github.com/maneeshaindrachapa/zenith/internal/adapters/codec/dotenv/codec.go:75.2,75.38 1 0
github.com/maneeshaindrachapa/zenith/internal/adapters/codec/dotenv/codec.go:75.38,77.3 1 0
github.com/maneeshaindrachapa/zenith/internal/adapters/codec/dotenv/codec.go:78.2,78.12 1 0
github.com/maneeshaindrachapa/zenith/internal/adapters/codec/dotenv/codec.go:81.32,82.107 1 0
github.com/maneeshaindrachapa/zenith/internal/adapters/codec/dotenv/codec.go:82.107,84.3 1 0
github.com/maneeshaindrachapa/zenith/internal/adapters/codec/dotenv/codec.go:85.2,85.31 1 0
github.com/maneeshaindrachapa/zenith/internal/adapters/codec/dotenv/codec.go:85.31,86.117 1 0
github.com/maneeshaindrachapa/zenith/internal/adapters/codec/dotenv/codec.go:86.117,88.4 1 0
github.com/maneeshaindrachapa/zenith/internal/adapters/codec/dotenv/codec.go:90.2,90.13 1 0
github.com/maneeshaindrachapa/zenith/internal/adapters/codec/json/codec.go:12.55,14.16 2 0
github.com/maneeshaindrachapa/zenith/internal/adapters/codec/json/codec.go:14.16,17.3 1 0
github.com/maneeshaindrachapa/zenith/internal/adapters/codec/json/codec.go:18.2,18.17 1 0
github.com/maneeshaindrachapa/zenith/internal/adapters/codec/json/codec.go:22.56,23.14 1 0
github.com/maneeshaindrachapa/zenith/internal/adapters/codec/json/codec.go:23.14,26.3 1 0
github.com/maneeshaindrachapa/zenith/internal/adapters/codec/json/codec.go:28.2,28.45 1 0
github.com/maneeshaindrachapa/zenith/internal/adapters/codec/json/codec.go:28.45,31.3 1 0
github.com/maneeshaindrachapa/zenith/internal/adapters/codec/json/codec.go:33.2,33.12 1 0
github.com/maneeshaindrachapa/zenith/internal/adapters/codec/toml/codec.go:5.55,7.2 1 0
github.com/maneeshaindrachapa/zenith/internal/adapters/filereader/os.go:9.49,11.2 1 1
github.com/maneeshaindrachapa/zenith/internal/adapters/mapper/reflect.go:21.67,22.19 1 0
github.com/maneeshaindrachapa/zenith/internal/adapters/mapper/reflect.go:22.19,24.3 1 0
github.com/maneeshaindrachapa/zenith/internal/adapters/mapper/reflect.go:26.2,27.66 2 0
github.com/maneeshaindrachapa/zenith/internal/adapters/mapper/reflect.go:27.66,29.3 1 0
github.com/maneeshaindrachapa/zenith/internal/adapters/mapper/reflect.go:31.2,32.42 2 0
github.com/maneeshaindrachapa/zenith/internal/adapters/mapper/reflect.go:32.42,34.3 1 0
github.com/maneeshaindrachapa/zenith/internal/adapters/mapper/reflect.go:36.2,36.38 1 0
github.com/maneeshaindrachapa/zenith/internal/adapters/mapper/reflect.go:39.71,41.31 2 0
github.com/maneeshaindrachapa/zenith/internal/adapters/mapper/reflect.go:41.31,43.3 1 0
github.com/maneeshaindrachapa/zenith/internal/adapters/mapper/reflect.go:45.2,46.46 2 0
github.com/maneeshaindrachapa/zenith/internal/adapters/mapper/reflect.go:46.46,49.54 3 0
github.com/maneeshaindrachapa/zenith/internal/adapters/mapper/reflect.go:49.54,50.12 1 0
github.com/maneeshaindrachapa/zenith/internal/adapters/mapper/reflect.go:53.3,54.13 2 0
github.com/maneeshaindrachapa/zenith/internal/adapters/mapper/reflect.go:54.13,55.12 1 0
github.com/maneeshaindrachapa/zenith/internal/adapters/mapper/reflect.go:58.3,58.56 1 0
github.com/maneeshaindrachapa/zenith/internal/adapters/mapper/reflect.go:58.56,60.4 1 0
github.com/maneeshaindrachapa/zenith/internal/adapters/mapper/reflect.go:63.2,63.12 1 0
github.com/maneeshaindrachapa/zenith/internal/adapters/mapper/reflect.go:66.85,67.41 1 0
github.com/maneeshaindrachapa/zenith/internal/adapters/mapper/reflect.go:67.41,69.9 2 0
github.com/maneeshaindrachapa/zenith/internal/adapters/mapper/reflect.go:69.9,71.4 1 0
github.com/maneeshaindrachapa/zenith/internal/adapters/mapper/reflect.go:73.2,73.19 1 0
github.com/maneeshaindrachapa/zenith/internal/adapters/mapper/reflect.go:76.53,78.72 2 0
github.com/maneeshaindrachapa/zenith/internal/adapters/mapper/reflect.go:78.72,80.18 2 0
github.com/maneeshaindrachapa/zenith/internal/adapters/mapper/reflect.go:80.18,82.4 1 0
github.com/maneeshaindrachapa/zenith/internal/adapters/mapper/reflect.go:83.3,83.17 1 0
github.com/maneeshaindrachapa/zenith/internal/adapters/mapper/reflect.go:83.17,85.4 1 0
github.com/maneeshaindrachapa/zenith/internal/adapters/mapper/reflect.go:87.2,87.14 1 0
github.com/maneeshaindrachapa/zenith/internal/adapters/mapper/reflect.go:90.38,95.2 4 0
github.com/maneeshaindrachapa/zenith/internal/adapters/mapper/reflect.go:97.57,98.22 1 0
github.com/maneeshaindrachapa/zenith/internal/adapters/mapper/reflect.go:98.22,100.3 1 0
github.com/maneeshaindrachapa/zenith/internal/adapters/mapper/reflect.go:101.2,101.18 1 0
github.com/maneeshaindrachapa/zenith/internal/adapters/mapper/reflect.go:101.18,103.3 1 0
[...]
github.com/maneeshaindrachapa/zenith/internal/app/config/loader.go:38.2,38.55 1 0
github.com/maneeshaindrachapa/zenith/internal/app/config/loader.go:38.55,40.3 1 0
github.com/maneeshaindrachapa/zenith/internal/app/config/loader.go:41.2,41.12 1 0
github.com/maneeshaindrachapa/zenith/internal/app/config/loader.go:45.70,47.16 2 0
github.com/maneeshaindrachapa/zenith/internal/app/config/loader.go:47.16,49.3 1 0
github.com/maneeshaindrachapa/zenith/internal/app/config/loader.go:51.2,52.54 2 0
github.com/maneeshaindrachapa/zenith/internal/app/config/loader.go:52.54,54.3 1 0
github.com/maneeshaindrachapa/zenith/internal/app/config/loader.go:56.2,56.45 1 0
github.com/maneeshaindrachapa/zenith/zenith.go:11.42,13.2 1 1
github.com/maneeshaindrachapa/zenith/zenith.go:16.59,18.2 1 1
github.com/maneeshaindrachapa/zenith/zenith.go:20.36,22.2 1 1
github.com/maneeshaindrachapa/zenith/encoding/codec.go:29.33,31.2 1 1
github.com/maneeshaindrachapa/zenith/encoding/codec.go:34.49,36.2 1 0
github.com/maneeshaindrachapa/zenith/encoding/codec.go:39.60,41.16 2 0
github.com/maneeshaindrachapa/zenith/encoding/codec.go:41.16,43.3 1 0
github.com/maneeshaindrachapa/zenith/encoding/codec.go:44.2,44.18 1 0
github.com/maneeshaindrachapa/zenith/encoding/codec.go:44.18,46.3 1 0
github.com/maneeshaindrachapa/zenith/encoding/codec.go:48.2,49.12 2 0
github.com/maneeshaindrachapa/zenith/encoding/codec.go:53.45,55.2 1 0
github.com/maneeshaindrachapa/zenith/encoding/codec.go:58.56,61.9 3 1
github.com/maneeshaindrachapa/zenith/encoding/codec.go:61.9,63.3 1 1
github.com/maneeshaindrachapa/zenith/encoding/codec.go:64.2,64.19 1 1
github.com/maneeshaindrachapa/zenith/encoding/codec.go:68.49,70.2 1 0
github.com/maneeshaindrachapa/zenith/encoding/codec.go:73.69,75.2 1 0
github.com/maneeshaindrachapa/zenith/encoding/codec.go:78.49,80.2 1 0
github.com/maneeshaindrachapa/zenith/encoding/codec.go:83.69,85.2 1 1
github.com/maneeshaindrachapa/zenith/encoding/codec.go:88.35,90.2 1 0
github.com/maneeshaindrachapa/zenith/encoding/codec.go:93.46,95.29 2 0
github.com/maneeshaindrachapa/zenith/encoding/codec.go:95.29,97.3 1 0
github.com/maneeshaindrachapa/zenith/encoding/codec.go:98.2,99.16 2 0
github.com/maneeshaindrachapa/zenith/encoding/codec.go:103.44,107.2 3 1
github.com/maneeshaindrachapa/zenith/internal/adapters/codec/dotenv/codec.go:15.55,18.21 2 0
github.com/maneeshaindrachapa/zenith/internal/adapters/codec/dotenv/codec.go:18.21,19.21 1 0
github.com/maneeshaindrachapa/zenith/internal/adapters/codec/dotenv/codec.go:19.21,21.4 1 0
github.com/maneeshaindrachapa/zenith/internal/adapters/codec/dotenv/codec.go:22.3,22.27 1 0
github.com/maneeshaindrachapa/zenith/internal/adapters/codec/dotenv/codec.go:25.2,27.27 3 0
github.com/maneeshaindrachapa/zenith/internal/adapters/codec/dotenv/codec.go:27.27,29.10 2 0
github.com/maneeshaindrachapa/zenith/internal/adapters/codec/dotenv/codec.go:29.10,31.4 1 0
github.com/maneeshaindrachapa/zenith/internal/adapters/codec/dotenv/codec.go:34.3,34.61 1 0
github.com/maneeshaindrachapa/zenith/internal/adapters/codec/dotenv/codec.go:37.2,37.37 1 0
github.com/maneeshaindrachapa/zenith/internal/adapters/codec/dotenv/codec.go:41.59,42.14 1 1
github.com/maneeshaindrachapa/zenith/internal/adapters/codec/dotenv/codec.go:42.14,45.3 1 0
github.com/maneeshaindrachapa/zenith/internal/adapters/codec/dotenv/codec.go:46.2,46.15 1 1
github.com/maneeshaindrachapa/zenith/internal/adapters/codec/dotenv/codec.go:46.15,48.3 1 0
github.com/maneeshaindrachapa/zenith/internal/adapters/codec/dotenv/codec.go:50.2,51.52 2 1
github.com/maneeshaindrachapa/zenith/internal/adapters/codec/dotenv/codec.go:51.52,53.49 2 1
github.com/maneeshaindrachapa/zenith/internal/adapters/codec/dotenv/codec.go:53.49,54.12 1 0
github.com/maneeshaindrachapa/zenith/internal/adapters/codec/dotenv/codec.go:57.3,60.31 4 1
github.com/maneeshaindrachapa/zenith/internal/adapters/codec/dotenv/codec.go:60.31,62.4 1 0
github.com/maneeshaindrachapa/zenith/internal/adapters/codec/dotenv/codec.go:64.3,65.40 2 1
github.com/maneeshaindrachapa/zenith/internal/adapters/codec/dotenv/codec.go:65.40,67.18 2 1
github.com/maneeshaindrachapa/zenith/internal/adapters/codec/dotenv/codec.go:67.18,69.5 1 0
github.com/maneeshaindrachapa/zenith/internal/adapters/codec/dotenv/codec.go:70.4,70.19 1 1
github.com/maneeshaindrachapa/zenith/internal/adapters/codec/dotenv/codec.go:72.3,72.20 1 1
github.com/maneeshaindrachapa/zenith/internal/adapters/codec/dotenv/codec.go:75.2,75.38 1 1
github.com/maneeshaindrachapa/zenith/internal/adapters/codec/dotenv/codec.go:75.38,77.3 1 0
github.com/maneeshaindrachapa/zenith/internal/adapters/codec/dotenv/codec.go:78.2,78.12 1 1
github.com/maneeshaindrachapa/zenith/internal/adapters/codec/dotenv/codec.go:81.32,82.107 1 1
github.com/maneeshaindrachapa/zenith/internal/adapters/codec/dotenv/codec.go:82.107,84.3 1 0
github.com/maneeshaindrachapa/zenith/internal/adapters/codec/dotenv/codec.go:85.2,85.31 1 1
github.com/maneeshaindrachapa/zenith/internal/adapters/codec/dotenv/codec.go:85.31,86.117 1 1
github.com/maneeshaindrachapa/zenith/internal/adapters/codec/dotenv/codec.go:86.117,88.4 1 0
github.com/maneeshaindrachapa/zenith/internal/adapters/codec/dotenv/codec.go:90.2,90.13 1 1
github.com/maneeshaindrachapa/zenith/internal/adapters/codec/json/codec.go:12.55,14.16 2 0
github.com/maneeshaindrachapa/zenith/internal/adapters/codec/json/codec.go:14.16,17.3 1 0
github.com/maneeshaindrachapa/zenith/internal/adapters/codec/json/codec.go:18.2,18.17 1 0
github.com/maneeshaindrachapa/zenith/internal/adapters/codec/json/codec.go:22.56,23.14 1 1
github.com/maneeshaindrachapa/zenith/internal/adapters/codec/json/codec.go:23.14,26.3 1 0
github.com/maneeshaindrachapa/zenith/internal/adapters/codec/json/codec.go:28.2,28.45 1 1
github.com/maneeshaindrachapa/zenith/internal/adapters/codec/json/codec.go:28.45,31.3 1 0
github.com/maneeshaindrachapa/zenith/internal/adapters/codec/json/codec.go:33.2,33.12 1 1
github.com/maneeshaindrachapa/zenith/internal/adapters/codec/toml/codec.go:5.55,7.2 1 0
github.com/maneeshaindrachapa/zenith/internal/adapters/filereader/os.go:9.49,11.2 1 1
github.com/maneeshaindrachapa/zenith/internal/adapters/mapper/reflect.go:21.67,22.19 1 1
github.com/maneeshaindrachapa/zenith/internal/adapters/mapper/reflect.go:22.19,24.3 1 0
github.com/maneeshaindrachapa/zenith/internal/adapters/mapper/reflect.go:26.2,27.66 2 1
github.com/maneeshaindrachapa/zenith/internal/adapters/mapper/reflect.go:27.66,29.3 1 1
github.com/maneeshaindrachapa/zenith/internal/adapters/mapper/reflect.go:31.2,32.42 2 1
github.com/maneeshaindrachapa/zenith/internal/adapters/mapper/reflect.go:32.42,34.3 1 0
github.com/maneeshaindrachapa/zenith/internal/adapters/mapper/reflect.go:36.2,36.38 1 1
github.com/maneeshaindrachapa/zenith/internal/adapters/mapper/reflect.go:39.71,41.31 2 1
github.com/maneeshaindrachapa/zenith/internal/adapters/mapper/reflect.go:41.31,43.3 1 1
github.com/maneeshaindrachapa/zenith/internal/adapters/mapper/reflect.go:45.2,46.46 2 1
github.com/maneeshaindrachapa/zenith/internal/adapters/mapper/reflect.go:46.46,49.54 3 1
github.com/maneeshaindrachapa/zenith/internal/adapters/mapper/reflect.go:49.54,50.12 1 0
github.com/maneeshaindrachapa/zenith/internal/adapters/mapper/reflect.go:53.3,54.13 2 1
github.com/maneeshaindrachapa/zenith/internal/adapters/mapper/reflect.go:54.13,55.12 1 1
github.com/maneeshaindrachapa/zenith/internal/adapters/mapper/reflect.go:58.3,58.56 1 1
github.com/maneeshaindrachapa/zenith/internal/adapters/mapper/reflect.go:58.56,60.4 1 0
github.com/maneeshaindrachapa/zenith/internal/adapters/mapper/reflect.go:63.2,63.12 1 1
github.com/maneeshaindrachapa/zenith/internal/adapters/mapper/reflect.go:66.85,67.41 1 1
github.com/maneeshaindrachapa/zenith/internal/adapters/mapper/reflect.go:67.41,69.9 2 1
github.com/maneeshaindrachapa/zenith/internal/adapters/mapper/reflect.go:69.9,71.4 1 1
github.com/maneeshaindrachapa/zenith/internal/adapters/mapper/reflect.go:73.2,73.19 1 1
github.com/maneeshaindrachapa/zenith/internal/adapters/mapper/reflect.go:76.53,78.72 2 1
github.com/maneeshaindrachapa/zenith/internal/adapters/mapper/reflect.go:78.72,80.18 2 1
github.com/maneeshaindrachapa/zenith/internal/adapters/mapper/reflect.go:80.18,82.4 1 0
github.com/maneeshaindrachapa/zenith/internal/adapters/mapper/reflect.go:83.3,83.17 1 1
github.com/maneeshaindrachapa/zenith/internal/adapters/mapper/reflect.go:83.17,85.4 1 1
github.com/maneeshaindrachapa/zenith/internal/adapters/mapper/reflect.go:87.2,87.14 1 1
github.com/maneeshaindrachapa/zenith/internal/adapters/mapper/reflect.go:90.38,95.2 4 1
github.com/maneeshaindrachapa/zenith/internal/adapters/mapper/reflect.go:97.57,98.22 1 1
github.com/maneeshaindrachapa/zenith/internal/adapters/mapper/reflect.go:98.22,100.3 1 0
github.com/maneeshaindrachapa/zenith/internal/adapters/mapper/reflect.go:101.2,101.18 1 1
github.com/maneeshaindrachapa/zenith/internal/adapters/mapper/reflect.go:101.18,103.3 1 0
github.com/maneeshaindrachapa/zenith/internal/adapters/mapper/reflect.go:105.2,105.38 1 1
github.com/maneeshaindrachapa/zenith/internal/adapters/mapper/reflect.go:105.38,106.21 1 0
github.com/maneeshaindrachapa/zenith/internal/adapters/mapper/reflect.go:106.21,108.4 1 0
github.com/maneeshaindrachapa/zenith/internal/adapters/mapper/reflect.go:109.3,109.43 1 0
github.com/maneeshaindrachapa/zenith/internal/adapters/mapper/reflect.go:112.2,112.78 1 1
github.com/maneeshaindrachapa/zenith/internal/adapters/mapper/reflect.go:112.78,114.10 2 0
github.com/maneeshaindrachapa/zenith/internal/adapters/mapper/reflect.go:114.10,116.4 1 0
github.com/maneeshaindrachapa/zenith/internal/adapters/mapper/reflect.go:117.3,117.90 1 0
github.com/maneeshaindrachapa/zenith/internal/adapters/mapper/reflect.go:120.2,120.35 1 1
github.com/maneeshaindrachapa/zenith/internal/adapters/mapper/reflect.go:120.35,122.17 2 1
github.com/maneeshaindrachapa/zenith/internal/adapters/mapper/reflect.go:122.17,124.4 1 0
github.com/maneeshaindrachapa/zenith/internal/adapters/mapper/reflect.go:125.3,126.13 2 1
github.com/maneeshaindrachapa/zenith/internal/adapters/mapper/reflect.go:129.2,130.67 2 1
github.com/maneeshaindrachapa/zenith/internal/adapters/mapper/reflect.go:130.67,133.3 2 1
github.com/maneeshaindrachapa/zenith/internal/adapters/mapper/reflect.go:134.2,134.109 1 1
github.com/maneeshaindrachapa/zenith/internal/adapters/mapper/reflect.go:134.109,137.3 2 0
github.com/maneeshaindrachapa/zenith/internal/adapters/mapper/reflect.go:139.2,139.23 1 1
github.com/maneeshaindrachapa/zenith/internal/adapters/mapper/reflect.go:140.22,142.10 2 1
github.com/maneeshaindrachapa/zenith/internal/adapters/mapper/reflect.go:142.10,144.4 1 0
github.com/maneeshaindrachapa/zenith/internal/adapters/mapper/reflect.go:145.3,145.36 1 1
github.com/maneeshaindrachapa/zenith/internal/adapters/mapper/reflect.go:146.21,147.36 1 1
github.com/maneeshaindrachapa/zenith/internal/adapters/mapper/reflect.go:148.22,149.38 1 0
github.com/maneeshaindrachapa/zenith/internal/adapters/mapper/reflect.go:150.20,152.17 2 1
github.com/maneeshaindrachapa/zenith/internal/adapters/mapper/reflect.go:152.17,154.4 1 0
github.com/maneeshaindrachapa/zenith/internal/adapters/mapper/reflect.go:155.3,155.28 1 1
github.com/maneeshaindrachapa/zenith/internal/adapters/mapper/reflect.go:156.78,158.17 2 1
github.com/maneeshaindrachapa/zenith/internal/adapters/mapper/reflect.go:158.17,160.4 1 0
github.com/maneeshaindrachapa/zenith/internal/adapters/mapper/reflect.go:161.3,161.26 1 1
github.com/maneeshaindrachapa/zenith/internal/adapters/mapper/reflect.go:162.100,164.17 2 0
github.com/maneeshaindrachapa/zenith/internal/adapters/mapper/reflect.go:164.17,166.4 1 0
github.com/maneeshaindrachapa/zenith/internal/adapters/mapper/reflect.go:167.3,167.28 1 0
github.com/maneeshaindrachapa/zenith/internal/adapters/mapper/reflect.go:168.40,170.17 2 0
github.com/maneeshaindrachapa/zenith/internal/adapters/mapper/reflect.go:170.17,172.4 1 0
github.com/maneeshaindrachapa/zenith/internal/adapters/mapper/reflect.go:173.3,173.30 1 0
github.com/maneeshaindrachapa/zenith/internal/adapters/mapper/reflect.go:174.10,175.65 1 0
github.com/maneeshaindrachapa/zenith/internal/adapters/mapper/reflect.go:178.2,178.12 1 1
github.com/maneeshaindrachapa/zenith/internal/adapters/mapper/reflect.go:181.77,182.64 1 1
github.com/maneeshaindrachapa/zenith/internal/adapters/mapper/reflect.go:182.64,184.3 1 1
github.com/maneeshaindrachapa/zenith/internal/adapters/mapper/reflect.go:185.2,185.13 1 0
github.com/maneeshaindrachapa/zenith/internal/adapters/mapper/reflect.go:188.43,189.14 1 1
github.com/maneeshaindrachapa/zenith/internal/adapters/mapper/reflect.go:194.18,195.14 1 1
github.com/maneeshaindrachapa/zenith/internal/adapters/mapper/reflect.go:196.10,197.15 1 0
github.com/maneeshaindrachapa/zenith/internal/adapters/mapper/reflect.go:201.57,203.57 2 1
github.com/maneeshaindrachapa/zenith/internal/adapters/mapper/reflect.go:203.57,205.3 1 0
github.com/maneeshaindrachapa/zenith/internal/adapters/mapper/reflect.go:207.2,208.36 2 1
github.com/maneeshaindrachapa/zenith/internal/adapters/mapper/reflect.go:208.36,209.83 1 1
github.com/maneeshaindrachapa/zenith/internal/adapters/mapper/reflect.go:209.83,211.4 1 0
github.com/maneeshaindrachapa/zenith/internal/adapters/mapper/reflect.go:213.2,214.12 2 1
github.com/maneeshaindrachapa/zenith/internal/adapters/mapper/reflect.go:217.38,218.27 1 1
github.com/maneeshaindrachapa/zenith/internal/adapters/mapper/reflect.go:219.12,220.16 1 0
github.com/maneeshaindrachapa/zenith/internal/adapters/mapper/reflect.go:221.14,223.17 2 1
github.com/maneeshaindrachapa/zenith/internal/adapters/mapper/reflect.go:223.17,225.4 1 0
github.com/maneeshaindrachapa/zenith/internal/adapters/mapper/reflect.go:226.3,226.18 1 1
github.com/maneeshaindrachapa/zenith/internal/adapters/mapper/reflect.go:227.10,228.59 1 0
github.com/maneeshaindrachapa/zenith/internal/adapters/mapper/reflect.go:232.48,233.27 1 1
github.com/maneeshaindrachapa/zenith/internal/adapters/mapper/reflect.go:234.11,235.23 1 0
github.com/maneeshaindrachapa/zenith/internal/adapters/mapper/reflect.go:236.12,237.23 1 0
github.com/maneeshaindrachapa/zenith/internal/adapters/mapper/reflect.go:238.13,239.23 1 0
github.com/maneeshaindrachapa/zenith/internal/adapters/mapper/reflect.go:240.13,241.23 1 0
github.com/maneeshaindrachapa/zenith/internal/adapters/mapper/reflect.go:242.13,243.16 1 0
github.com/maneeshaindrachapa/zenith/internal/adapters/mapper/reflect.go:244.15,245.29 1 1
github.com/maneeshaindrachapa/zenith/internal/adapters/mapper/reflect.go:245.29,247.4 1 0
github.com/maneeshaindrachapa/zenith/internal/adapters/mapper/reflect.go:248.3,248.23 1 1
github.com/maneeshaindrachapa/zenith/internal/adapters/mapper/reflect.go:249.14,251.17 2 1
github.com/maneeshaindrachapa/zenith/internal/adapters/mapper/reflect.go:251.17,253.4 1 0
github.com/maneeshaindrachapa/zenith/internal/adapters/mapper/reflect.go:254.3,254.18 1 1
github.com/maneeshaindrachapa/zenith/internal/adapters/mapper/reflect.go:255.10,256.58 1 0
github.com/maneeshaindrachapa/zenith/internal/adapters/mapper/reflect.go:260.50,261.27 1 0
github.com/maneeshaindrachapa/zenith/internal/adapters/mapper/reflect.go:262.12,263.24 1 0
github.com/maneeshaindrachapa/zenith/internal/adapters/mapper/reflect.go:264.13,265.24 1 0
github.com/maneeshaindrachapa/zenith/internal/adapters/mapper/reflect.go:266.14,267.24 1 0
github.com/maneeshaindrachapa/zenith/internal/adapters/mapper/reflect.go:268.14,269.24 1 0
github.com/maneeshaindrachapa/zenith/internal/adapters/mapper/reflect.go:270.14,271.16 1 0
github.com/maneeshaindrachapa/zenith/internal/adapters/mapper/reflect.go:272.15,273.39 1 0
github.com/maneeshaindrachapa/zenith/internal/adapters/mapper/reflect.go:273.39,275.4 1 0
github.com/maneeshaindrachapa/zenith/internal/adapters/mapper/reflect.go:276.3,276.24 1 0
github.com/maneeshaindrachapa/zenith/internal/adapters/mapper/reflect.go:277.14,279.17 2 0
github.com/maneeshaindrachapa/zenith/internal/adapters/mapper/reflect.go:279.17,281.4 1 0
github.com/maneeshaindrachapa/zenith/internal/adapters/mapper/reflect.go:282.3,282.18 1 0
github.com/maneeshaindrachapa/zenith/internal/adapters/mapper/reflect.go:283.10,284.67 1 0
github.com/maneeshaindrachapa/zenith/internal/adapters/mapper/reflect.go:288.52,289.27 1 0
github.com/maneeshaindrachapa/zenith/internal/adapters/mapper/reflect.go:290.15,291.25 1 0
github.com/maneeshaindrachapa/zenith/internal/adapters/mapper/reflect.go:292.15,293.16 1 0
github.com/maneeshaindrachapa/zenith/internal/adapters/mapper/reflect.go:294.11,295.25 1 0
github.com/maneeshaindrachapa/zenith/internal/adapters/mapper/reflect.go:296.13,297.25 1 0
github.com/maneeshaindrachapa/zenith/internal/adapters/mapper/reflect.go:298.14,300.17 2 0
github.com/maneeshaindrachapa/zenith/internal/adapters/mapper/reflect.go:300.17,302.4 1 0
github.com/maneeshaindrachapa/zenith/internal/adapters/mapper/reflect.go:303.3,303.18 1 0
github.com/maneeshaindrachapa/zenith/internal/adapters/mapper/reflect.go:304.10,305.56 1 0
github.com/maneeshaindrachapa/zenith/internal/adapters/mapper/reflect.go:309.51,310.27 1 1
github.com/maneeshaindrachapa/zenith/internal/adapters/mapper/reflect.go:311.21,312.16 1 0
github.com/maneeshaindrachapa/zenith/internal/adapters/mapper/reflect.go:313.14,315.17 2 1
github.com/maneeshaindrachapa/zenith/internal/adapters/mapper/reflect.go:315.17,317.4 1 0
github.com/maneeshaindrachapa/zenith/internal/adapters/mapper/reflect.go:318.3,318.18 1 1
github.com/maneeshaindrachapa/zenith/internal/adapters/mapper/reflect.go:319.10,321.17 2 0
github.com/maneeshaindrachapa/zenith/internal/adapters/mapper/reflect.go:321.17,323.4 1 0
github.com/maneeshaindrachapa/zenith/internal/adapters/mapper/reflect.go:324.3,324.38 1 0
github.com/maneeshaindrachapa/zenith/internal/app/config/loader.go:18.100,24.2 1 1
github.com/maneeshaindrachapa/zenith/internal/app/config/loader.go:27.53,29.18 2 1
github.com/maneeshaindrachapa/zenith/internal/app/config/loader.go:29.18,31.3 1 1
github.com/maneeshaindrachapa/zenith/internal/app/config/loader.go:33.2,34.16 2 1
github.com/maneeshaindrachapa/zenith/internal/app/config/loader.go:34.16,36.3 1 1
github.com/maneeshaindrachapa/zenith/internal/app/config/loader.go:38.2,38.55 1 1
github.com/maneeshaindrachapa/zenith/internal/app/config/loader.go:38.55,40.3 1 0
github.com/maneeshaindrachapa/zenith/internal/app/config/loader.go:41.2,41.12 1 1
github.com/maneeshaindrachapa/zenith/internal/app/config/loader.go:45.70,47.16 2 1
github.com/maneeshaindrachapa/zenith/internal/app/config/loader.go:47.16,49.3 1 1
github.com/maneeshaindrachapa/zenith/internal/app/config/loader.go:51.2,52.54 2 1
github.com/maneeshaindrachapa/zenith/internal/app/config/loader.go:52.54,54.3 1 0
github.com/maneeshaindrachapa/zenith/internal/app/config/loader.go:56.2,56.45 1 1
github.com/maneeshaindrachapa/zenith/internal/adapters/codec/toml/codec.go:5.55,7.2 1 0
github.com/maneeshaindrachapa/zenith/internal/app/config/loader.go:18.100,24.2 1 0
github.com/maneeshaindrachapa/zenith/internal/app/config/loader.go:27.53,29.18 2 0
github.com/maneeshaindrachapa/zenith/internal/app/config/loader.go:29.18,31.3 1 0
github.com/maneeshaindrachapa/zenith/internal/app/config/loader.go:33.2,34.16 2 0
github.com/maneeshaindrachapa/zenith/internal/app/config/loader.go:34.16,36.3 1 0
github.com/maneeshaindrachapa/zenith/internal/app/config/loader.go:38.2,38.55 1 0
github.com/maneeshaindrachapa/zenith/internal/app/config/loader.go:38.55,40.3 1 0
github.com/maneeshaindrachapa/zenith/internal/app/config/loader.go:41.2,41.12 1 0
github.com/maneeshaindrachapa/zenith/internal/app/config/loader.go:45.70,47.16 2 0
github.com/maneeshaindrachapa/zenith/internal/app/config/loader.go:47.16,49.3 1 0
github.com/maneeshaindrachapa/zenith/internal/app/config/loader.go:51.2,52.54 2 0
github.com/maneeshaindrachapa/zenith/internal/app/config/loader.go:52.54,54.3 1 0
github.com/maneeshaindrachapa/zenith/internal/app/config/loader.go:56.2,56.45 1 0
